C251 COMPILER V5.60.0,  isr                                                                15/07/23  15:59:10  PAGE 1   


C251 COMPILER V5.60.0, COMPILATION OF MODULE isr
OBJECT MODULE PLACED IN .\Out_File\isr.obj
COMPILER INVOKED BY: D:\Keil\C251\BIN\C251.EXE ..\USER\src\isr.c XSMALL INTR2 WARNINGLEVEL(3) OPTIMIZE(0,SPEED) BROWSE I
                    -NCDIR(..\..\Libraries\libraries;..\..\Libraries\seekfree_libraries;..\..\Libraries\seekfree_peripheral;..\CODE;..\USER\i
                    -nc;..\USER\src;..\CODE) DEBUG PRINT(.\Out_File\isr.lst) OBJECT(.\Out_File\isr.obj) 

stmt  level    source

    1          ///******************************************************************************************************
             -***************
    2          // * COPYRIGHT NOTICE
    3          // * Copyright (c) 2020,逐飞科技
    4          // * All rights reserved.
    5          // * 技术讨论QQ群：一群：179029047(已满)  二群：244861897(已满)  三群：824575535
    6          // *
    7          // * 以下所有内容版权均属逐飞科技所有，未经允许不得用于商业用途，
    8          // * 欢迎各位使用并传播本程序，修改内容时必须保留逐飞科技的版权声明。
    9          // *
   10          // * @file                      isr
   11          // * @company                   成都逐飞科技有限公司
   12          // * @author                    逐飞科技(QQ790875685)
   13          // * @version                   查看doc内version文件 版本说明
   14          // * @Software                  MDK FOR C251 V5.60
   15          // * @Target core               STC32G12K128
   16          // * @Taobao                    https://seekfree.taobao.com/
   17          // * @date                      2020-4-14
   18          // ******************************************************************************************************
             -**************/
   19          #include "headfile.h"
   20          
   21          //UART1中断
   22          void UART1_Isr() interrupt 4
   23          {
   24   1          uint8 res;
   25   1              static uint8 dwon_count;
   26   1          if(UART1_GET_TX_FLAG)
   27   1          {
   28   2              UART1_CLEAR_TX_FLAG;
   29   2              busy[1] = 0;
   30   2          }
   31   1          if(UART1_GET_RX_FLAG)
   32   1          {
   33   2              UART1_CLEAR_RX_FLAG;
   34   2              res = SBUF;
   35   2              //程序自动下载
   36   2              if(res == 0x7F)
   37   2              {
   38   3                  if(dwon_count++ > 20)
   39   3                      IAP_CONTR = 0x60;
   40   3              }
   41   2              else
   42   2              {
   43   3                  dwon_count = 0;
   44   3              }
   45   2          }
   46   1      }
   47          
   48          //UART2中断
   49          void UART2_Isr() interrupt 8
   50          {
   51   1          if(UART2_GET_TX_FLAG)
   52   1              {
   53   2              UART2_CLEAR_TX_FLAG;
   54   2                      busy[2] = 0;
   55   2              }
C251 COMPILER V5.60.0,  isr                                                                15/07/23  15:59:10  PAGE 2   

   56   1          if(UART2_GET_RX_FLAG)
   57   1              {
   58   2              UART2_CLEAR_RX_FLAG;
   59   2                      //接收数据寄存器为：S2BUF
   60   2      
   61   2              }
   62   1      }
   63          
   64          
   65          //UART3中断
   66          void UART3_Isr() interrupt 17
   67          {
   68   1          if(UART3_GET_TX_FLAG)
   69   1              {
   70   2              UART3_CLEAR_TX_FLAG;
   71   2                      busy[3] = 0;
   72   2              }
   73   1          if(UART3_GET_RX_FLAG)
   74   1              {
   75   2              UART3_CLEAR_RX_FLAG;
   76   2                      //接收数据寄存器为：S3BUF
   77   2      
   78   2              }
   79   1      }
   80          
   81          
   82          //UART4中断
   83          void UART4_Isr() interrupt 18
   84          {
   85   1          if(UART4_GET_TX_FLAG)
   86   1              {
   87   2              UART4_CLEAR_TX_FLAG;
   88   2                      busy[4] = 0;
   89   2              }
   90   1          if(UART4_GET_RX_FLAG)
   91   1              {
   92   2              UART4_CLEAR_RX_FLAG;
   93   2      
   94   2                      //接收数据寄存器为：S4BUF;
   95   2                      if(wireless_type == WIRELESS_SI24R1)
   96   2              {
   97   3                  wireless_uart_callback();           //无线转串口回调函数
   98   3              }
   99   2              else if(wireless_type == WIRELESS_CH9141)
  100   2              {
  101   3                  bluetooth_ch9141_uart_callback();   //蓝牙转串口回调函数
  102   3              }
  103   2              else if(wireless_type == WIRELESS_CH573)
  104   2              {
  105   3                  wireless_ch573_callback();          //CH573无线模块回调函数
  106   3              }
  107   2              }
  108   1      }
  109          
  110          #define LED P52
  111          void INT0_Isr() interrupt 0
  112          {
  113   1              LED = 0;        //点亮LED
  114   1      }
  115          void INT1_Isr() interrupt 2
  116          {
  117   1      
  118   1      }
  119          void INT2_Isr() interrupt 10
  120          {
  121   1              INT2_CLEAR_FLAG;  //清除中断标志
C251 COMPILER V5.60.0,  isr                                                                15/07/23  15:59:10  PAGE 3   

  122   1      }
  123          void INT3_Isr() interrupt 11
  124          {
  125   1              INT3_CLEAR_FLAG;  //清除中断标志
  126   1      }
  127          
  128          void INT4_Isr() interrupt 16
  129          {
  130   1              INT4_CLEAR_FLAG;  //清除中断标志
  131   1      }
  132          
  133          void TM0_Isr() interrupt 1
  134          {
  135   1      
  136   1      }
  137          
  138          void TM1_Isr() interrupt 3
  139          {
  140   1      //----------------------------------------------------------
  141   1              static uint8 t_5ms = 0;
  142   1              static uint8 t_10ms = 0;
  143   1              static uint8 t_30ms = 0;
  144   1              static uint8 t_40ms = 0;
  145   1              static uint8 t_50ms = 0;
  146   1              static uint8 t_1s = 0;
  147   1              
  148   1              
  149   1      /****************中断执行程序********5ms进一次中断**********/
  150   1              t_5ms++;
  151   1              t_10ms++; 
  152   1              t_30ms++;       
  153   1              t_40ms++;
  154   1              t_50ms++; 
  155   1              t_1s++;
  156   1             
  157   1      //5ms控制周期：内环控制(给轮子PWM跑起来)
  158   1              if(t_5ms == 1)      
  159   1              {
  160   2                      // 复位标志位
  161   2                      t_5ms = 0;                      
  162   2                      Flag.T_Inmost = 1;              
  163   2              }     
  164   1                
  165   1      // 10ms控制     
  166   1              if (t_10ms == 2)     
  167   1              {
  168   2                      t_10ms = 0;
  169   2                      Flag.T_Turn = 1;
  170   2              }
  171   1      
  172   1      // 30ms控制
  173   1              if(t_30ms == 6)
  174   1              {
  175   2                       t_30ms = 0;
  176   2                       Flag.T_Distance = 1;
  177   2              }
  178   1              
  179   1      // 40ms控制
  180   1              if(t_40ms == 8)
  181   1              {
  182   2                       t_40ms = 0;
  183   2                       Flag.T_IMU = 1;
  184   2              }
  185   1              
  186   1      //50ms控制      
  187   1              if(t_50ms == 10)   
C251 COMPILER V5.60.0,  isr                                                                15/07/23  15:59:10  PAGE 4   

  188   1              {
  189   2                      t_50ms = 0;
  190   2                      Flag.T_Speed = 1;
  191   2                      speed_measure();                                        // 采集编码器速度
  192   2                      
  193   2                      if(T_ALready < 600000)          // 上限是10分钟运行时间，不会溢出
  194   2                              T_ALready++;
  195   2              }
  196   1              
  197   1      //1s控制
  198   1              if(t_1s == 200)
  199   1              {
  200   2                      t_1s = 0;
  201   2      //              P42=~P42;
  202   2              }
  203   1      //********************************************************** 
  204   1              Fuse_result();
  205   1      }
  206          
  207          void TM2_Isr() interrupt 12
  208          {
  209   1              TIM2_CLEAR_FLAG;  //清除中断标志
  210   1              
  211   1      }
  212          void TM3_Isr() interrupt 19
  213          {
  214   1              TIM3_CLEAR_FLAG; //清除中断标志
  215   1              
  216   1      }
  217          
  218          void TM4_Isr() interrupt 20
  219          {
  220   1              TIM4_CLEAR_FLAG; //清除中断标志
  221   1      //      ccd_collect();   //CCD采集数据
  222   1      
  223   1      }
  224          
  225          //void  INT0_Isr()  interrupt 0;
  226          //void  TM0_Isr()   interrupt 1;
  227          //void  INT1_Isr()  interrupt 2;
  228          //void  TM1_Isr()   interrupt 3;
  229          //void  UART1_Isr() interrupt 4;
  230          //void  ADC_Isr()   interrupt 5;
  231          //void  LVD_Isr()   interrupt 6;
  232          //void  PCA_Isr()   interrupt 7;
  233          //void  UART2_Isr() interrupt 8;
  234          //void  SPI_Isr()   interrupt 9;
  235          //void  INT2_Isr()  interrupt 10;
  236          //void  INT3_Isr()  interrupt 11;
  237          //void  TM2_Isr()   interrupt 12;
  238          //void  INT4_Isr()  interrupt 16;
  239          //void  UART3_Isr() interrupt 17;
  240          //void  UART4_Isr() interrupt 18;
  241          //void  TM3_Isr()   interrupt 19;
  242          //void  TM4_Isr()   interrupt 20;
  243          //void  CMP_Isr()   interrupt 21;
  244          //void  I2C_Isr()   interrupt 24;
  245          //void  USB_Isr()   interrupt 25;
  246          //void  PWM1_Isr()  interrupt 26;
  247          //void  PWM2_Isr()  interrupt 27;


Module Information          Static   Overlayable
------------------------------------------------
  code size            =       618     ------
  ecode size           =    ------     ------
  data size            =    ------     ------
C251 COMPILER V5.60.0,  isr                                                                15/07/23  15:59:10  PAGE 5   

  idata size           =    ------     ------
  pdata size           =    ------     ------
  xdata size           =    ------     ------
  xdata-const size     =    ------     ------
  edata size           =         8     ------
  bit size             =    ------     ------
  ebit size            =    ------     ------
  bitaddressable size  =    ------     ------
  ebitaddressable size =    ------     ------
  far data size        =    ------     ------
  huge data size       =    ------     ------
  const size           =    ------     ------
  hconst size          =        30     ------
End of Module Information.


C251 COMPILATION COMPLETE.  0 WARNING(S),  0 ERROR(S)
