C251 COMPILER V5.60.0,  SEEKFREE_DL1A                                                      15/07/23  15:59:07  PAGE 1   


C251 COMPILER V5.60.0, COMPILATION OF MODULE SEEKFREE_DL1A
OBJECT MODULE PLACED IN .\Out_File\SEEKFREE_DL1A.obj
COMPILER INVOKED BY: D:\Keil\C251\BIN\C251.EXE ..\..\Libraries\seekfree_peripheral\SEEKFREE_DL1A.c XSMALL INTR2 WARNINGL
                    -EVEL(3) OPTIMIZE(0,SPEED) BROWSE INCDIR(..\..\Libraries\libraries;..\..\Libraries\seekfree_libraries;..\..\Libraries\see
                    -kfree_peripheral;..\CODE;..\USER\inc;..\USER\src;..\CODE) DEBUG PRINT(.\Out_File\SEEKFREE_DL1A.lst) OBJECT(.\Out_File\SE
                    -EKFREE_DL1A.obj) 

stmt  level    source

    1          /********************************************************************************************************
             -*************
    2           * COPYRIGHT NOTICE
    3           * Copyright (c) 2021,é€é£ç§‘æŠ€
    4           * All rights reserved.
    5           * æŠ€æœ¯è®¨è®ºQQç¾¤ï¼šä¸€ç¾¤ï¼š179029047(å·²æ»¡)  äºŒç¾¤ï¼š244861897
    6           *
    7           * ä»¥ä¸‹æ‰€æœ‰å†…å®¹ç‰ˆæƒå‡å±é€é£ç§‘æŠ€æ‰€æœ‰ï¼Œæœªç»å…è®¸ä¸å¾—ç”¨äºå•†ä¸šç”¨é€”ï¼Œ
    8           * æ¬¢è¿å„ä½ä½¿ç”¨å¹¶ä¼ æ’­æœ¬ç¨‹åºï¼Œä¿®æ”¹å†…å®¹æ—¶å¿…é¡»ä¿ç•™é€é£ç§‘æŠ€çš„ç‰ˆæƒå£°æ˜ã€‚
    9           *
   10           * @file                DL1A
   11           * @company                     æˆéƒ½é€é£ç§‘æŠ€æœ‰é™å…¬å¸
   12           * @author              é€é£ç§‘æŠ€(QQ3184284598)
   13           * @version             æŸ¥çœ‹docå†…versionæ–‡ä»¶ ç‰ˆæœ¬è¯´æ˜
   14           * @Software            MDK FOR C251 V5.60
   15           * @Target core         STC32G12K128
   16           * @Taobao              https://seekfree.taobao.com/
   17           * @date                2021-08-27
   18           * @note                
   19           * æ¥çº¿å®šä¹‰ï¼š
   20           *                   ------------------------------------
   21           *                   æ¨¡å—ç®¡è„š            å•ç‰‡æœºç®¡è„š
   22           *                   SCL                 æŸ¥çœ‹ SEEKFREE_DL1A.h ä¸­ DL1A_SCL_PIN   å®å®šä¹‰
   23           *                   SDA                 æŸ¥çœ‹ SEEKFREE_DL1A.h ä¸­ DL1A_SDA_PIN   å®å®šä¹‰
   24           *                                       XS                                      æŸ¥çœ‹ SEEKFREE_DL1A.h ä¸­ DL1A_XSHUT_PIN å®å®šä¹‰
   25           *                   VCC                 5V ç”µæº
   26           *                   GND                 ç”µæºåœ°
   27           *                   ------------------------------------
   28          *********************************************************************************************************
             -***********/
   29          
   30          
   31          #include "zf_delay.h"
   32          #include "SEEKFREE_DL1A.h"
   33          
   34          
   35          #pragma warning disable = 183
   36          
   37          
   38          uint8 dl1a_finsh_flag;
   39          uint16 dl1a_distance_mm;
   40          
   41          
   42          
   43          #define GET_DL1A_SDA                    DL1A_SDA_PIN
   44          #define DL1A_SDA_LOW()          DL1A_SDA_PIN = 0                //IOå£è¾“å‡ºä½ç”µå¹³
   45          #define DL1A_SDA_HIGH()         DL1A_SDA_PIN = 1                //IOå£è¾“å‡ºé«˜ç”µå¹³
   46          
   47          #define DL1A_SCL_LOW()                  DL1A_SCL_PIN = 0                //IOå£è¾“å‡ºä½ç”µå¹³
   48          #define DL1A_SCL_HIGH()                 DL1A_SCL_PIN = 1                //IOå£è¾“å‡ºé«˜ç”µå¹³
   49          
   50          #define ack 1      //ä¸»åº”ç­”
   51          #define no_ack 0   //ä»åº”ç­”  
   52          
   53          //-------------------------------------------------------------------------------------------------------
             -------------
C251 COMPILER V5.60.0,  SEEKFREE_DL1A                                                      15/07/23  15:59:07  PAGE 2   

   54          //  @brief      æ¨¡æ‹ŸIICå»¶æ—¶
   55          //  @return     void                                            
   56          //  @since      v1.0
   57          //  Sample usage:                               å¦‚æœIICé€šè®¯å¤±è´¥å¯ä»¥å°è¯•å¢åŠ jçš„å€¼
   58          //-------------------------------------------------------------------------------------------------------
             -------------
   59          static void dl1a_simiic_delay(void)
   60          {
   61   1          uint16 j=DL1A_SOFT_IIC_DELAY;   
   62   1              while(j--);
   63   1      }
   64          
   65          //å†…éƒ¨ä½¿ç”¨ï¼Œç”¨æˆ·æ— éœ€è°ƒç”¨
   66          static void dl1a_simiic_start(void)
   67          {
   68   1              DL1A_SDA_HIGH();
   69   1              DL1A_SCL_HIGH();
   70   1              dl1a_simiic_delay();
   71   1              DL1A_SDA_LOW();
   72   1              dl1a_simiic_delay();
   73   1              DL1A_SCL_LOW();
   74   1      }
   75          
   76          //å†…éƒ¨ä½¿ç”¨ï¼Œç”¨æˆ·æ— éœ€è°ƒç”¨
   77          static void dl1a_simiic_stop(void)
   78          {
   79   1              DL1A_SDA_LOW();
   80   1              DL1A_SCL_LOW();
   81   1              dl1a_simiic_delay();
   82   1              DL1A_SCL_HIGH();
   83   1              dl1a_simiic_delay();
   84   1              DL1A_SDA_HIGH();
   85   1              dl1a_simiic_delay();
   86   1      }
   87          
   88          //ä¸»åº”ç­”(åŒ…å«ack:SDA=0å’Œno_ack:SDA=0)
   89          //å†…éƒ¨ä½¿ç”¨ï¼Œç”¨æˆ·æ— éœ€è°ƒç”¨
   90          static void dl1a_simiic_sendack(unsigned char ack_dat)
   91          {
   92   1          DL1A_SCL_LOW();
   93   1              dl1a_simiic_delay();
   94   1              if(ack_dat) DL1A_SDA_LOW();
   95   1          else        DL1A_SDA_HIGH();
   96   1      
   97   1          DL1A_SCL_HIGH();
   98   1          dl1a_simiic_delay();
   99   1          DL1A_SCL_LOW();
  100   1          dl1a_simiic_delay();
  101   1      }
  102          
  103          
  104          static int dl1a_sccb_waitack(void)
  105          {
  106   1          DL1A_SCL_LOW();
  107   1      
  108   1              dl1a_simiic_delay();
  109   1              
  110   1              DL1A_SCL_HIGH();
  111   1          dl1a_simiic_delay();
  112   1              
  113   1          if(GET_DL1A_SDA)           //åº”ç­”ä¸ºé«˜ç”µå¹³ï¼Œå¼‚å¸¸ï¼Œé€šä¿¡å¤±è´¥
  114   1          {
  115   2      
  116   2              DL1A_SCL_LOW();
  117   2              return 0;
  118   2          }
C251 COMPILER V5.60.0,  SEEKFREE_DL1A                                                      15/07/23  15:59:07  PAGE 3   

  119   1      
  120   1          DL1A_SCL_LOW();
  121   1              dl1a_simiic_delay();
  122   1          return 1;
  123   1      }
  124          
  125          //å­—èŠ‚å‘é€ç¨‹åº
  126          //å‘é€c(å¯ä»¥æ˜¯æ•°æ®ä¹Ÿå¯æ˜¯åœ°å€)ï¼Œé€å®Œåæ¥æ”¶ä»åº”ç­”
  127          //ä¸è€ƒè™‘ä»åº”ç­”ä½
  128          //å†…éƒ¨ä½¿ç”¨ï¼Œç”¨æˆ·æ— éœ€è°ƒç”¨
  129          static void dl1a_send_ch(uint8 c)
  130          {
  131   1              uint8 i = 8;
  132   1          while(i--)
  133   1          {
  134   2              if(c & 0x80)    DL1A_SDA_HIGH();//SDA è¾“å‡ºæ•°æ®
  135   2              else                    DL1A_SDA_LOW();
  136   2              c <<= 1;
  137   2              dl1a_simiic_delay();
  138   2              DL1A_SCL_HIGH();                //SCL æ‹‰é«˜ï¼Œé‡‡é›†ä¿¡å·
  139   2              dl1a_simiic_delay();
  140   2              DL1A_SCL_LOW();                //SCL æ—¶é’Ÿçº¿æ‹‰ä½
  141   2          }
  142   1              dl1a_sccb_waitack();
  143   1      }
  144          
  145          
  146          //å­—èŠ‚æ¥æ”¶ç¨‹åº
  147          //æ¥æ”¶å™¨ä»¶ä¼ æ¥çš„æ•°æ®ï¼Œæ­¤ç¨‹åºåº”é…åˆ|ä¸»åº”ç­”å‡½æ•°|ä½¿ç”¨
  148          //å†…éƒ¨ä½¿ç”¨ï¼Œç”¨æˆ·æ— éœ€è°ƒç”¨
  149          static uint8 dl1a_read_ch(uint8 ack_x)
  150          {
  151   1          uint8 i;
  152   1          uint8 c;
  153   1          c=0;
  154   1          DL1A_SCL_LOW();
  155   1          dl1a_simiic_delay();
  156   1          DL1A_SDA_HIGH();             
  157   1      
  158   1          for(i=0;i<8;i++)
  159   1          {
  160   2              dl1a_simiic_delay();
  161   2              DL1A_SCL_LOW();         //ç½®æ—¶é’Ÿçº¿ä¸ºä½ï¼Œå‡†å¤‡æ¥æ”¶æ•°æ®ä½
  162   2              dl1a_simiic_delay();
  163   2              DL1A_SCL_HIGH();         //ç½®æ—¶é’Ÿçº¿ä¸ºé«˜ï¼Œä½¿æ•°æ®çº¿ä¸Šæ•°æ®æœ‰æ•ˆ
  164   2              dl1a_simiic_delay();
  165   2              c<<=1;
  166   2              if(GET_DL1A_SDA) 
  167   2              {
  168   3                  c+=1;   //è¯»æ•°æ®ä½ï¼Œå°†æ¥æ”¶çš„æ•°æ®å­˜c
  169   3              }
  170   2          }
  171   1      
  172   1              DL1A_SCL_LOW();
  173   1              dl1a_simiic_delay();
  174   1              dl1a_simiic_sendack(ack_x);
  175   1              
  176   1          return c;
  177   1      }
  178          
  179          
  180          //-------------------------------------------------------------------------------------------------------
             -------------
  181          //  @brief      æ¨¡æ‹ŸIICå†™æ•°æ®åˆ°è®¾å¤‡å¯„å­˜å™¨å‡½æ•°
  182          //  @param      dev_add                 è®¾å¤‡åœ°å€(ä½ä¸ƒä½åœ°å€)
  183          //  @param      reg                             å¯„å­˜å™¨åœ°å€
C251 COMPILER V5.60.0,  SEEKFREE_DL1A                                                      15/07/23  15:59:07  PAGE 4   

  184          //  @param      dat                             å†™å…¥çš„æ•°æ®
  185          //  @return     void                                            
  186          //  @since      v1.0
  187          //  Sample usage:                               
  188          //-------------------------------------------------------------------------------------------------------
             -------------
  189          static void dl1a_simiic_write_dats(uint8 dev_add, uint8 *dat, uint32 len)
  190          {
  191   1              dl1a_simiic_start();
  192   1          dl1a_send_ch( (dev_add<<1) | 0x00);   //å‘é€å™¨ä»¶åœ°å€åŠ å†™ä½
  193   1              while(len--)
  194   1              {
  195   2                      dl1a_send_ch( *dat++ );                                  //å‘é€éœ€è¦å†™å…¥çš„æ•°æ®
  196   2              }
  197   1      
  198   1              
  199   1              dl1a_simiic_stop();
  200   1      }
  201          
  202          
  203          //-------------------------------------------------------------------------------------------------------
             -------------
  204          //  @brief      æ¨¡æ‹ŸIICå†™æ•°æ®åˆ°è®¾å¤‡å¯„å­˜å™¨å‡½æ•°
  205          //  @param      dev_add                 è®¾å¤‡åœ°å€(ä½ä¸ƒä½åœ°å€)
  206          //  @param      reg                             å¯„å­˜å™¨åœ°å€
  207          //  @param      dat                             å†™å…¥çš„æ•°æ®
  208          //  @return     void                                            
  209          //  @since      v1.0
  210          //  Sample usage:                               
  211          //-------------------------------------------------------------------------------------------------------
             -------------
  212          static void dl1a_simiic_write_reg(uint8 dev_add, uint8 reg, uint8 dat)
  213          {
  214   1              dl1a_simiic_start();
  215   1          dl1a_send_ch( (dev_add<<1) | 0x00);   //å‘é€å™¨ä»¶åœ°å€åŠ å†™ä½
  216   1              dl1a_send_ch( reg );                             //å‘é€ä»æœºå¯„å­˜å™¨åœ°å€
  217   1              dl1a_send_ch( dat );                             //å‘é€éœ€è¦å†™å…¥çš„æ•°æ®
  218   1              dl1a_simiic_stop();
  219   1      }
  220          
  221          //-------------------------------------------------------------------------------------------------------
             -------------
  222          //  @brief      æ¨¡æ‹ŸIICä»è®¾å¤‡å¯„å­˜å™¨è¯»å–æ•°æ®
  223          //  @param      dev_add                 è®¾å¤‡åœ°å€(ä½ä¸ƒä½åœ°å€)
  224          //  @param      reg                             å¯„å­˜å™¨åœ°å€
  225          //  @param      type                    é€‰æ‹©é€šä¿¡æ–¹å¼æ˜¯IIC  è¿˜æ˜¯ SCCB
  226          //  @return     uint8                   è¿”å›å¯„å­˜å™¨çš„æ•°æ®                        
  227          //  @since      v1.0
  228          //  Sample usage:                               
  229          //-------------------------------------------------------------------------------------------------------
             -------------
  230          static uint8 dl1a_simiic_read_reg(uint8 dev_add, uint8 reg)
  231          {
  232   1              uint8 dat;
  233   1              dl1a_simiic_start();
  234   1          dl1a_send_ch( (dev_add<<1) | 0x00);  //å‘é€å™¨ä»¶åœ°å€åŠ å†™ä½
  235   1              dl1a_send_ch( reg );                            //å‘é€ä»æœºå¯„å­˜å™¨åœ°å€
  236   1      
  237   1              
  238   1              dl1a_simiic_start();
  239   1              dl1a_send_ch( (dev_add<<1) | 0x01);  //å‘é€å™¨ä»¶åœ°å€åŠ è¯»ä½
  240   1              dat = dl1a_read_ch(no_ack);                             //è¯»å–æ•°æ®
  241   1              dl1a_simiic_stop();
  242   1              
  243   1              return dat;
  244   1      }
C251 COMPILER V5.60.0,  SEEKFREE_DL1A                                                      15/07/23  15:59:07  PAGE 5   

  245          
  246          //-------------------------------------------------------------------------------------------------------
             -------------
  247          //  @brief      æ¨¡æ‹ŸIICè¯»å–å¤šå­—èŠ‚æ•°æ®
  248          //  @param      dev_add                 è®¾å¤‡åœ°å€(ä½ä¸ƒä½åœ°å€)
  249          //  @param      reg                             å¯„å­˜å™¨åœ°å€
  250          //  @param      dat_add                 æ•°æ®ä¿å­˜çš„åœ°å€æŒ‡é’ˆ
  251          //  @param      num                             è¯»å–å­—èŠ‚æ•°é‡
  252          //  @param      type                    é€‰æ‹©é€šä¿¡æ–¹å¼æ˜¯IIC  è¿˜æ˜¯ SCCB
  253          //  @return     uint8                   è¿”å›å¯„å­˜å™¨çš„æ•°æ®                        
  254          //  @since      v1.0
  255          //  Sample usage:                               
  256          //-------------------------------------------------------------------------------------------------------
             -------------
  257          static void dl1a_simiic_read_regs(uint8 dev_add, uint8 reg, uint8 *dat_add, uint32 num)
  258          {
  259   1              dl1a_simiic_start();
  260   1          dl1a_send_ch( (dev_add<<1) | 0x00);  //å‘é€å™¨ä»¶åœ°å€åŠ å†™ä½
  261   1              dl1a_send_ch( reg );                            //å‘é€ä»æœºå¯„å­˜å™¨åœ°å€
  262   1      
  263   1              
  264   1              dl1a_simiic_start();
  265   1              dl1a_send_ch( (dev_add<<1) | 0x01);  //å‘é€å™¨ä»¶åœ°å€åŠ è¯»ä½
  266   1          while(--num)
  267   1          {
  268   2              *dat_add = dl1a_read_ch(ack); //è¯»å–æ•°æ®
  269   2              dat_add++;
  270   2          }
  271   1          *dat_add = dl1a_read_ch(no_ack); //è¯»å–æ•°æ®
  272   1              dl1a_simiic_stop();
  273   1      }
  274          
  275          //-------------------------------------------------------------------------------------------------------
             -------------
  276          //  @brief      æ¨¡æ‹ŸIICè¯»å–å¤šå­—èŠ‚æ•°æ®
  277          //  @param      dev_add                 è®¾å¤‡åœ°å€(ä½ä¸ƒä½åœ°å€)
  278          //  @param      reg                             å¯„å­˜å™¨åœ°å€
  279          //  @param      dat_add                 æ•°æ®ä¿å­˜çš„åœ°å€æŒ‡é’ˆ
  280          //  @param      num                             è¯»å–å­—èŠ‚æ•°é‡
  281          //  @param      type                    é€‰æ‹©é€šä¿¡æ–¹å¼æ˜¯IIC  è¿˜æ˜¯ SCCB
  282          //  @return     uint8                   è¿”å›å¯„å­˜å™¨çš„æ•°æ®                        
  283          //  @since      v1.0
  284          //  Sample usage:                               
  285          //-------------------------------------------------------------------------------------------------------
             -------------
  286          static void dl1a_simiic_read_regs_1(uint8 dev_add, uint8 reg, uint8 *dat_add, uint32 num)
  287          {
  288   1              dl1a_simiic_start();
  289   1          dl1a_send_ch( (dev_add<<1) | 0x00);  //å‘é€å™¨ä»¶åœ°å€åŠ å†™ä½
  290   1              dl1a_send_ch( reg );                            //å‘é€ä»æœºå¯„å­˜å™¨åœ°å€
  291   1      
  292   1              
  293   1              dl1a_simiic_start();
  294   1              dl1a_send_ch( (dev_add<<1) | 0x01);  //å‘é€å™¨ä»¶åœ°å€åŠ è¯»ä½
  295   1          while(--num)
  296   1          {
  297   2              *dat_add = dl1a_read_ch(ack); //è¯»å–æ•°æ®
  298   2              dat_add++;
  299   2          }
  300   1          *dat_add = dl1a_read_ch(no_ack); //è¯»å–æ•°æ®
  301   1              dl1a_simiic_stop();
  302   1      }
  303          
  304          
  305          #define dl1a_write_array(dat, len)          (dl1a_simiic_write_dats(DL1A_DEV_ADDR, (dat), (len)))
  306          #define dl1a_write_register(reg, dat)       (dl1a_simiic_write_reg(DL1A_DEV_ADDR, (reg), (dat)))
C251 COMPILER V5.60.0,  SEEKFREE_DL1A                                                      15/07/23  15:59:07  PAGE 6   

  307          #define dl1a_read_register(reg)             (dl1a_simiic_read_reg (DL1A_DEV_ADDR, (reg)))
  308          #define dl1a_read_registers(reg, dat, len)  (dl1a_simiic_read_regs(DL1A_DEV_ADDR, (reg), (dat), (len)))
  309          #define dl1a_read_registers_1(reg, dat, len)  (dl1a_simiic_read_regs_1(DL1A_DEV_ADDR, (reg), (dat), (len)
             -))
  310          
  311          // è¿™ä¸ªé€Ÿç‡è¡¨ç¤ºä»ç›®æ ‡åå°„å¹¶è¢«è®¾å¤‡æ£€æµ‹åˆ°çš„ä¿¡å·çš„æŒ¯å¹…
  312          // è®¾ç½®æ­¤é™åˆ¶å¯ä»¥ç¡®å®šä¼ æ„Ÿå™¨æŠ¥å‘Šæœ‰æ•ˆè¯»æ•°æ‰€éœ€çš„æœ€å°æµ‹é‡å€¼
  313          // è®¾ç½®ä¸€ä¸ªè¾ƒä½çš„é™åˆ¶å¯ä»¥å¢åŠ ä¼ æ„Ÿå™¨çš„æµ‹é‡èŒƒå›´
  314          // ä½†ä¼¼ä¹ä¹Ÿå¢åŠ äº† <ç”±äºæ¥è‡ªç›®æ ‡ä»¥å¤–çš„ç‰©ä½“çš„ä¸éœ€è¦çš„åå°„å¯¼è‡´> å¾—åˆ°ä¸å‡†ç¡®è¯
             -»æ•°çš„å¯èƒ½æ€§
  315          // é»˜è®¤ä¸º 0.25 MCPS å¯é¢„è®¾èŒƒå›´ä¸º 0 - 511.99
  316          #define DL1A_DEFAULT_RATE_LIMIT  (0.25)
  317          
  318          // ä»å¯„å­˜å™¨æ•°æ®è§£ç  PCLKs ä¸­ VCSEL (vertical cavity surface emitting laser) çš„è„‰å®½å‘¨æœŸ
  319          #define decode_vcsel_period(reg_val)            (((reg_val) + 1) << 1)
  320          
  321          // ä» PCLK ä¸­çš„ VCSEL å‘¨æœŸè®¡ç®—å®å‘¨æœŸ (ä»¥ *çº³ç§’ä¸ºå•ä½)
  322          // PLL_period_ps = 1655
  323          // macro_period_vclks = 2304
  324          #define calc_macro_period(vcsel_period_pclks)   ((((uint32)2304 * (vcsel_period_pclks) * 1655) + 500) / 1
             -000)
  325          
  326          //-------------------------------------------------------------------------------------------------------
             -------------
  327          // å‡½æ•°ç®€ä»‹     è·å–è®¾å¤‡ SPAD ä¿¡æ¯
  328          // å‚æ•°è¯´æ˜     index           ç´¢å¼•
  329          // å‚æ•°è¯´æ˜     type            ç±»å‹å€¼
  330          // è¿”å›å‚æ•°     uint8           æ˜¯å¦æˆåŠŸ 0-æˆåŠŸ 1-å¤±è´¥
  331          // ä½¿ç”¨ç¤ºä¾‹     dl1a_get_spad_info(index, type_is_aperture);
  332          // å¤‡æ³¨ä¿¡æ¯     
  333          //-------------------------------------------------------------------------------------------------------
             -------------
  334          static uint8 dl1a_get_spad_info (uint8 *index, uint8 *type_is_aperture)
  335          {
  336   1          uint8 tmp = 0;
  337   1          uint8 return_state = 0;
  338   1          volatile uint16 loop_count = 0;
  339   1      
  340   1          do
  341   1          {
  342   2              dl1a_write_register(0x80, 0x01);
  343   2              dl1a_write_register(0xFF, 0x01);
  344   2              dl1a_write_register(0x00, 0x00);
  345   2      
  346   2              dl1a_write_register(0xFF, 0x06);
  347   2              dl1a_read_registers(0x83, &tmp, 1);
  348   2              dl1a_write_register(0x83, tmp | 0x04);
  349   2              dl1a_write_register(0xFF, 0x07);
  350   2              dl1a_write_register(0x81, 0x01);
  351   2      
  352   2              dl1a_write_register(0x80, 0x01);
  353   2      
  354   2              dl1a_write_register(0x94, 0x6b);
  355   2              dl1a_write_register(0x83, 0x00);
  356   2      
  357   2              tmp = 0x00;
  358   2              while(tmp != 0x10)
  359   2              {
  360   3                  dl1a_read_registers(0x83, &tmp, 1);
  361   3                  loop_count++;
  362   3                  if(loop_count == DL1A_TIMEOUT_COUNT)
  363   3                  {
  364   4                      return_state = 1;
  365   4                      break;
  366   4                  }
  367   3              }
C251 COMPILER V5.60.0,  SEEKFREE_DL1A                                                      15/07/23  15:59:07  PAGE 7   

  368   2                      
  369   2              if(return_state)
  370   2              {
  371   3                  break;
  372   3              }
  373   2              dl1a_write_register(0x83, 0x01);
  374   2              dl1a_read_registers(0x92, &tmp, 1);
  375   2      
  376   2              *index = tmp & 0x7f;
  377   2              *type_is_aperture = (tmp >> 7) & 0x01;
  378   2      
  379   2              dl1a_write_register(0x81, 0x00);
  380   2              dl1a_write_register(0xFF, 0x06);
  381   2              dl1a_read_registers(0x83, &tmp, 1);
  382   2              dl1a_write_register(0x83, tmp);
  383   2              dl1a_write_register(0xFF, 0x01);
  384   2              dl1a_write_register(0x00, 0x01);
  385   2      
  386   2              dl1a_write_register(0xFF, 0x00);
  387   2              dl1a_write_register(0x80, 0x00);
  388   2          }while(0);
  389   1      
  390   1          return return_state;
  391   1      }
  392          
  393          //-------------------------------------------------------------------------------------------------------
             -------------
  394          // å‡½æ•°ç®€ä»‹     å°†è¶…æ—¶æ•°å€¼ä» MCLKs è½¬æ¢åˆ°å¯¹åº”çš„ ms
  395          // å‚æ•°è¯´æ˜     timeout_period_mclks    è¶…æ—¶å‘¨æœŸ MCLKs
  396          // å‚æ•°è¯´æ˜     vcsel_period_pclks      PCLK å€¼
  397          // è¿”å›å‚æ•°     uint32                  è¿”å›è¶…æ—¶æ•°å€¼
  398          // ä½¿ç”¨ç¤ºä¾‹     dl1a_timeout_mclks_to_microseconds(timeout_period_mclks, vcsel_period_pclks);
  399          // å¤‡æ³¨ä¿¡æ¯     å°†åºåˆ—æ­¥éª¤è¶…æ—¶ä»å…·æœ‰ç»™å®š VCSEL å‘¨æœŸçš„ MCLK (ä»¥ PCLK ä¸ºå•ä½)è½¬æ¢ä
             -¸ºå¾®ç§’
  400          //-------------------------------------------------------------------------------------------------------
             -------------
  401          static uint32 dl1a_timeout_mclks_to_microseconds (uint16 timeout_period_mclks, uint8 vcsel_period_pclks)
  402          {
  403   1          uint32 macro_period_ns = calc_macro_period(vcsel_period_pclks);
  404   1      
  405   1          return ((timeout_period_mclks * macro_period_ns) + (macro_period_ns / 2)) / 1000;
  406   1      }
  407          
  408          //-------------------------------------------------------------------------------------------------------
             -------------
  409          // å‡½æ•°ç®€ä»‹     å°†è¶…æ—¶æ•°å€¼ä» ms è½¬æ¢åˆ°å¯¹åº”çš„ MCLKs
  410          // å‚æ•°è¯´æ˜     timeout_period_us   è¶…æ—¶å‘¨æœŸ å¾®ç§’å•ä½
  411          // å‚æ•°è¯´æ˜     vcsel_period_pclks  PCLK å€¼
  412          // è¿”å›å‚æ•°     uint32              è¿”å›è¶…æ—¶æ•°å€¼
  413          // ä½¿ç”¨ç¤ºä¾‹     dl1a_timeout_microseconds_to_mclks(timeout_period_us, vcsel_period_pclks);
  414          // å¤‡æ³¨ä¿¡æ¯     å°†åºåˆ—æ­¥éª¤è¶…æ—¶ä»å¾®ç§’è½¬æ¢ä¸ºå…·æœ‰ç»™å®š VCSEL å‘¨æœŸçš„ MCLK (ä»¥ PCLK ä¸
             -ºå•ä½)
  415          //-------------------------------------------------------------------------------------------------------
             -------------
  416          static uint32 dl1a_timeout_microseconds_to_mclks (uint32 timeout_period_us, uint8 vcsel_period_pclks)
  417          {
  418   1          uint32 macro_period_ns = calc_macro_period(vcsel_period_pclks);
  419   1      
  420   1          return (((timeout_period_us * 1000) + (macro_period_ns / 2)) / macro_period_ns);
  421   1      }
  422          
  423          //-------------------------------------------------------------------------------------------------------
             -------------
  424          // å‡½æ•°ç®€ä»‹     å¯¹è¶…æ—¶æ•°å€¼è¿›è¡Œè§£ç 
  425          // å‚æ•°è¯´æ˜     reg_val         è¶…æ—¶æ—¶é•¿ å¯„å­˜å™¨å€¼
  426          // è¿”å›å‚æ•°     uint16          è¿”å›è¶…æ—¶æ•°å€¼
C251 COMPILER V5.60.0,  SEEKFREE_DL1A                                                      15/07/23  15:59:07  PAGE 8   

  427          // ä½¿ç”¨ç¤ºä¾‹     dl1a_decode_timeout(reg_val);
  428          // å¤‡æ³¨ä¿¡æ¯     ä»å¯„å­˜å™¨å€¼è§£ç  MCLK ä¸­çš„åºåˆ—æ­¥éª¤è¶…æ—¶   
  429          //-------------------------------------------------------------------------------------------------------
             -------------
  430          static uint16 dl1a_decode_timeout (uint16 reg_val)
  431          {
  432   1        // æ ¼å¼: (LSByte * 2 ^ MSByte) + 1
  433   1          return  (uint16)((reg_val & 0x00FF) <<
  434   1                  (uint16)((reg_val & 0xFF00) >> 8)) + 1;
  435   1      }
  436          
  437          //-------------------------------------------------------------------------------------------------------
             -------------
  438          // å‡½æ•°ç®€ä»‹     å¯¹è¶…æ—¶æ•°å€¼è¿›è¡Œç¼–ç 
  439          // å‚æ•°è¯´æ˜     timeout_mclks   è¶…æ—¶æ—¶é•¿ -MCLKs å€¼
  440          // è¿”å›å‚æ•°     uint16          è¿”å›ç¼–ç å€¼
  441          // ä½¿ç”¨ç¤ºä¾‹     dl1a_encode_timeout(timeout_mclks);
  442          // å¤‡æ³¨ä¿¡æ¯     åœ¨ MCLK ä¸­å¯¹è¶…æ—¶çš„åºåˆ—æ­¥éª¤è¶…æ—¶å¯„å­˜å™¨å€¼è¿›è¡Œç¼–ç 
  443          //-------------------------------------------------------------------------------------------------------
             -------------
  444          static uint16 dl1a_encode_timeout (uint16 timeout_mclks)
  445          {
  446   1          uint32 ls_byte = 0;
  447   1          uint16 ms_byte = 0;
  448   1          uint16 return_data = 0;
  449   1      
  450   1          if (timeout_mclks > 0)
  451   1          {
  452   2              // æ ¼å¼: (LSByte * 2 ^ MSByte) + 1
  453   2              ls_byte = timeout_mclks - 1;
  454   2              while ((ls_byte & 0xFFFFFF00) > 0)
  455   2              {
  456   3                  ls_byte >>= 1;
  457   3                  ms_byte++;
  458   3              }
  459   2              return_data = (ms_byte << 8) | (ls_byte & 0xFF);
  460   2          }
  461   1          return return_data;
  462   1      }
  463          
  464          //-------------------------------------------------------------------------------------------------------
             -------------
  465          // å‡½æ•°ç®€ä»‹     è·å–åºåˆ—æ­¥éª¤ä½¿èƒ½è®¾ç½®
  466          // å‚æ•°è¯´æ˜     enables         åºåˆ—ä½¿èƒ½æ­¥éª¤ç»“æ„ä½“
  467          // è¿”å›å‚æ•°     void
  468          // ä½¿ç”¨ç¤ºä¾‹     dl1a_get_sequence_step_enables(enables);
  469          // å¤‡æ³¨ä¿¡æ¯     
  470          //-------------------------------------------------------------------------------------------------------
             -------------
  471          static void dl1a_get_sequence_step_enables(dl1a_sequence_enables_step_struct *enables)
  472          {
  473   1          uint8 sequence_config = 0;
  474   1          dl1a_read_registers(DL1A_SYSTEM_SEQUENCE_CONFIG, &sequence_config, 1);
  475   1      
  476   1          enables->tcc          = (sequence_config >> 4) & 0x1;
  477   1          enables->dss          = (sequence_config >> 3) & 0x1;
  478   1          enables->msrc         = (sequence_config >> 2) & 0x1;
  479   1          enables->pre_range    = (sequence_config >> 6) & 0x1;
  480   1          enables->final_range  = (sequence_config >> 7) & 0x1;
  481   1      }
  482          
  483          //-------------------------------------------------------------------------------------------------------
             -------------
  484          // å‡½æ•°ç®€ä»‹     è·å–è„‰å†²å‘¨æœŸ
  485          // å‚æ•°è¯´æ˜     type            é¢„é‡ç¨‹ç±»å‹
  486          // è¿”å›å‚æ•°     uint8           è¿”å›çš„å‘¨æœŸå€¼
C251 COMPILER V5.60.0,  SEEKFREE_DL1A                                                      15/07/23  15:59:07  PAGE 9   

  487          // ä½¿ç”¨ç¤ºä¾‹     dl1a_get_vcsel_pulse_period(DL1A_VCSEL_PERIOD_PER_RANGE);
  488          // å¤‡æ³¨ä¿¡æ¯     åœ¨ PCLKs ä¸­è·å–ç»™å®šå‘¨æœŸç±»å‹çš„ VCSEL è„‰å†²å‘¨æœŸ
  489          //-------------------------------------------------------------------------------------------------------
             -------------
  490          static uint8 dl1a_get_vcsel_pulse_period (dl1a_vcsel_period_type_enum type)
  491          {
  492   1          uint8 data_buffer = 0;
  493   1          if (type == DL1A_VCSEL_PERIOD_PER_RANGE)
  494   1          {
  495   2              dl1a_read_registers(DL1A_PRE_RANGE_CONFIG_VCSEL_PERIOD, &data_buffer, 1);
  496   2              data_buffer = decode_vcsel_period(data_buffer);
  497   2          }
  498   1          else if (type == DL1A_VCSEL_PERIOD_FINAL_RANGE)
  499   1          {
  500   2              dl1a_read_registers(DL1A_FINAL_RANGE_CONFIG_VCSEL_PERIOD, &data_buffer, 1);
  501   2              data_buffer = decode_vcsel_period(data_buffer);
  502   2          }
  503   1          else
  504   1          {
  505   2              data_buffer = 255;
  506   2          }
  507   1          return data_buffer;
  508   1      }
  509          
  510          //-------------------------------------------------------------------------------------------------------
             -------------
  511          // å‡½æ•°ç®€ä»‹     è·å–åºåˆ—æ­¥éª¤è¶…æ—¶è®¾ç½®
  512          // å‚æ•°è¯´æ˜     enables         åºåˆ—ä½¿èƒ½æ­¥éª¤ç»“æ„ä½“
  513          // å‚æ•°è¯´æ˜     timeouts        åºåˆ—è¶…æ—¶æ­¥éª¤ç»“æ„ä½“
  514          // è¿”å›å‚æ•°     void
  515          // ä½¿ç”¨ç¤ºä¾‹     dl1a_get_sequence_step_timeouts(enables, timeouts);
  516          // å¤‡æ³¨ä¿¡æ¯     è·å–æ‰€æœ‰è¶…æ—¶è€Œä¸ä»…ä»…æ˜¯è¯·æ±‚çš„è¶…æ—¶ å¹¶ä¸”è¿˜å­˜å‚¨ä¸­é—´å€¼
  517          //-------------------------------------------------------------------------------------------------------
             -------------
  518          static void dl1a_get_sequence_step_timeouts (dl1a_sequence_enables_step_struct const *enables, dl1a_seque
             -nce_timeout_step_struct *timeouts)
  519          {
  520   1          uint8 reg_buffer[2];
  521   1          uint16 reg16_buffer = 0;
  522   1      
  523   1          timeouts->pre_range_vcsel_period_pclks = dl1a_get_vcsel_pulse_period(DL1A_VCSEL_PERIOD_PER_RANGE);
  524   1      
  525   1          dl1a_read_registers(DL1A_MSRC_CONFIG_TIMEOUT_MACROP, reg_buffer, 1);
  526   1          timeouts->msrc_dss_tcc_mclks = reg_buffer[0] + 1;
  527   1          timeouts->msrc_dss_tcc_us = dl1a_timeout_mclks_to_microseconds(timeouts->msrc_dss_tcc_mclks, (uint8)t
             -imeouts->pre_range_vcsel_period_pclks);
  528   1      
  529   1          dl1a_read_registers(DL1A_PRE_RANGE_CONFIG_TIMEOUT_MACROP_HI, reg_buffer, 2);
  530   1          reg16_buffer = ((uint16) reg_buffer[0] << 8) | reg_buffer[1];
  531   1          timeouts->pre_range_mclks = dl1a_decode_timeout(reg16_buffer);
  532   1          timeouts->pre_range_us = dl1a_timeout_mclks_to_microseconds(timeouts->pre_range_mclks, (uint8)timeout
             -s->pre_range_vcsel_period_pclks);
  533   1      
  534   1          timeouts->final_range_vcsel_period_pclks = dl1a_get_vcsel_pulse_period(DL1A_VCSEL_PERIOD_FINAL_RANGE)
             -;
  535   1      
  536   1          dl1a_read_registers(DL1A_FINAL_RANGE_CONFIG_TIMEOUT_MACROP_HI, reg_buffer, 2);
  537   1          reg16_buffer = ((uint16) reg_buffer[0] << 8) | reg_buffer[1];
  538   1          timeouts->final_range_mclks = dl1a_decode_timeout(reg16_buffer);
  539   1      
  540   1          if (enables->pre_range)
  541   1          {
  542   2              timeouts->final_range_mclks -= timeouts->pre_range_mclks;
  543   2          }
  544   1      
  545   1          timeouts->final_range_us = dl1a_timeout_mclks_to_microseconds(timeouts->final_range_mclks, (uint8)tim
C251 COMPILER V5.60.0,  SEEKFREE_DL1A                                                      15/07/23  15:59:07  PAGE 10  

             -eouts->final_range_vcsel_period_pclks);
  546   1      }
  547          
  548          //-------------------------------------------------------------------------------------------------------
             -------------
  549          // å‡½æ•°ç®€ä»‹     æ‰§è¡Œå•æ¬¡å‚è€ƒæ ¡å‡†
  550          // å‚æ•°è¯´æ˜     vhv_init_byte   é¢„è®¾æ ¡å‡†å€¼
  551          // è¿”å›å‚æ•°     uint8           æ“ä½œæ˜¯å¦æˆåŠŸ 0-æˆåŠŸ 1-å¤±è´¥
  552          // ä½¿ç”¨ç¤ºä¾‹     dl1a_get_vcsel_pulse_period(DL1A_VCSEL_PERIOD_PER_RANGE);
  553          // å¤‡æ³¨ä¿¡æ¯     åœ¨ PCLKs ä¸­è·å–ç»™å®šå‘¨æœŸç±»å‹çš„ VCSEL è„‰å†²å‘¨æœŸ
  554          //-------------------------------------------------------------------------------------------------------
             -------------
  555          static uint8 dl1a_perform_single_ref_calibration (uint8 vhv_init_byte)
  556          {
  557   1          uint8 return_state = 0;
  558   1          uint8 data_buffer = 0;
  559   1          volatile uint16 loop_count = 0;
  560   1          do
  561   1          {
  562   2              dl1a_write_register(DL1A_SYSRANGE_START, 0x01 | vhv_init_byte);
  563   2              dl1a_read_registers(DL1A_MSRC_CONFIG_TIMEOUT_MACROP, &data_buffer, 1);
  564   2              while ((data_buffer & 0x07) == 0)
  565   2              {
  566   3                  if (loop_count > 0x8fe0)
  567   3                  {
  568   4                      return_state = 1;
  569   4                      break;
  570   4                  }
  571   3                  if (loop_count++ % 0x10 == 0)
  572   3                  {
  573   4                      dl1a_read_registers(DL1A_MSRC_CONFIG_TIMEOUT_MACROP, &data_buffer, 1);
  574   4                  }
  575   3              }
  576   2              if(return_state)
  577   2              {
  578   3                  break;
  579   3              }
  580   2              dl1a_write_register(DL1A_SYSTEM_INTERRUPT_CLEAR, 0x01);
  581   2              dl1a_write_register(DL1A_SYSRANGE_START, 0x00);
  582   2          }while(0);
  583   1      
  584   1          return return_state;
  585   1      }
  586          
  587          //-------------------------------------------------------------------------------------------------------
             -------------
  588          // å‡½æ•°ç®€ä»‹     è®¾ç½®æµ‹é‡å®šæ—¶é¢„ç®— (ä»¥å¾®ç§’ä¸ºå•ä½)
  589          // å‚æ•°è¯´æ˜     budget_us       è®¾å®šçš„æµ‹é‡å…è®¸çš„æ—¶é—´
  590          // è¿”å›å‚æ•°     uint8           æ“ä½œç»“æœ 0-æˆåŠŸ 1-å¤±è´¥
  591          // ä½¿ç”¨ç¤ºä¾‹     dl1a_set_measurement_timing_budget(measurement_timing_budget_us);
  592          // å¤‡æ³¨ä¿¡æ¯     è¿™æ˜¯ä¸€æ¬¡æµ‹é‡å…è®¸çš„æ—¶é—´
  593          //              å³åœ¨æµ‹è·åºåˆ—çš„å­æ­¥éª¤ä¹‹é—´åˆ†é…æ—¶é—´é¢„ç®—
  594          //              æ›´é•¿çš„æ—¶é—´é¢„ç®—å…è®¸æ›´ç²¾ç¡®çš„æµ‹é‡
  595          //              å¢åŠ ä¸€ä¸ªNå€çš„é¢„ç®—å¯ä»¥å‡å°‘ä¸€ä¸ªsqrt(N)å€çš„èŒƒå›´æµ‹é‡æ ‡å‡†åå·®
  596          //              é»˜è®¤ä¸º33æ¯«ç§’ æœ€å°å€¼ä¸º20 ms
  597          //-------------------------------------------------------------------------------------------------------
             -------------
  598          static uint8 dl1a_set_measurement_timing_budget (uint32 budget_us)
  599          {
  600   1          uint8 return_state = 0;
  601   1          uint8 data_buffer[3];
  602   1          uint16 dat = 0;
  603   1              uint32 used_budget_us;
  604   1              uint32 final_range_timeout_us;
  605   1              uint16 final_range_timeout_mclks;
  606   1              
C251 COMPILER V5.60.0,  SEEKFREE_DL1A                                                      15/07/23  15:59:07  PAGE 11  

  607   1          dl1a_sequence_enables_step_struct enables;
  608   1          dl1a_sequence_timeout_step_struct timeouts;
  609   1      
  610   1          do
  611   1          {
  612   2              if (budget_us < DL1A_MIN_TIMING_BUDGET)
  613   2              {
  614   3                  return_state = 1;
  615   3                  break;
  616   3              }
  617   2      
  618   2              used_budget_us = DL1A_SET_START_OVERHEAD + DL1A_END_OVERHEAD;
  619   2              dl1a_get_sequence_step_enables(&enables);
  620   2              dl1a_get_sequence_step_timeouts(&enables, &timeouts);
  621   2      
  622   2              if (enables.tcc)
  623   2              {
  624   3                  used_budget_us += (timeouts.msrc_dss_tcc_us + DL1A_TCC_OVERHEAD);
  625   3              }
  626   2      
  627   2              if (enables.dss)
  628   2              {
  629   3                  used_budget_us += 2 * (timeouts.msrc_dss_tcc_us + DL1A_DSS_OVERHEAD);
  630   3              }
  631   2              else if (enables.msrc)
  632   2              {
  633   3                  used_budget_us += (timeouts.msrc_dss_tcc_us + DL1A_MSRC_OVERHEAD);
  634   3              }
  635   2      
  636   2              if (enables.pre_range)
  637   2              {
  638   3                  used_budget_us += (timeouts.pre_range_us + DL1A_PRERANGE_OVERHEAD);
  639   3              }
  640   2      
  641   2              if (enables.final_range)
  642   2              {
  643   3                  // è¯·æ³¨æ„ æœ€ç»ˆèŒƒå›´è¶…æ—¶ç”±è®¡æ—¶é¢„ç®—å’Œåºåˆ—ä¸­æ‰€æœ‰å…¶ä»–è¶…æ—¶çš„æ€»å’Œå†³å®š
  644   3                  // å¦‚æœæ²¡æœ‰ç©ºé—´ç”¨äºæœ€ç»ˆèŒƒå›´è¶…æ—¶ åˆ™å°†è®¾ç½®é”™è¯¯
  645   3                  // å¦åˆ™ å‰©ä½™æ—¶é—´å°†åº”ç”¨äºæœ€ç»ˆèŒƒå›´
  646   3                  used_budget_us += DL1A_FINALlRANGE_OVERHEAD;
  647   3                  if (used_budget_us > budget_us)
  648   3                  {
  649   4                      // è¯·æ±‚çš„è¶…æ—¶å¤ªå¤§
  650   4                      return_state = 1;
  651   4                      break;
  652   4                  }
  653   3      
  654   3                  // å¯¹äºæœ€ç»ˆè¶…æ—¶èŒƒå›´ å¿…é¡»æ·»åŠ é¢„é‡ç¨‹èŒƒå›´è¶…æ—¶
  655   3                  // ä¸ºæ­¤ æœ€ç»ˆè¶…æ—¶å’Œé¢„é‡ç¨‹è¶…æ—¶å¿…é¡»ä»¥å®å‘¨æœŸ MClks è¡¨ç¤º
  656   3                  // å› ä¸ºå®ƒä»¬å…·æœ‰ä¸åŒçš„ VCSEL å‘¨æœŸ
  657   3                  final_range_timeout_us = budget_us - used_budget_us;
  658   3                  final_range_timeout_mclks =
  659   3                  dl1a_timeout_microseconds_to_mclks(final_range_timeout_us,
  660   3                           (uint8)timeouts.final_range_vcsel_period_pclks);
  661   3      
  662   3                  if (enables.pre_range)
  663   3                  {
  664   4                      final_range_timeout_mclks += timeouts.pre_range_mclks;
  665   4                  }
  666   3      
  667   3                  dat = dl1a_encode_timeout(final_range_timeout_mclks);
  668   3                  data_buffer[0] = DL1A_FINAL_RANGE_CONFIG_TIMEOUT_MACROP_HI;
  669   3                  data_buffer[1] = ((dat >> 8) & 0xFF);
  670   3                  data_buffer[2] = (dat & 0xFF);
  671   3                  dl1a_write_array(data_buffer, 3);
  672   3              }
C251 COMPILER V5.60.0,  SEEKFREE_DL1A                                                      15/07/23  15:59:07  PAGE 12  

  673   2          }while(0);
  674   1          return return_state;
  675   1      }
  676          
  677          //-------------------------------------------------------------------------------------------------------
             -------------
  678          // å‡½æ•°ç®€ä»‹     è·å–æµ‹é‡å®šæ—¶é¢„ç®— (ä»¥å¾®ç§’ä¸ºå•ä½)
  679          // å‚æ•°è¯´æ˜     void
  680          // è¿”å›å‚æ•°     uint32          å·²è®¾å®šçš„æµ‹é‡å…è®¸çš„æ—¶é—´
  681          // ä½¿ç”¨ç¤ºä¾‹     dl1a_get_measurement_timing_budget();
  682          // å¤‡æ³¨ä¿¡æ¯     
  683          //-------------------------------------------------------------------------------------------------------
             -------------
  684          static uint32 dl1a_get_measurement_timing_budget (void)
  685          {
  686   1          dl1a_sequence_enables_step_struct enables;
  687   1          dl1a_sequence_timeout_step_struct timeouts;
  688   1      
  689   1          // å¼€å§‹å’Œç»“æŸå¼€é”€æ—¶é—´å§‹ç»ˆå­˜åœ¨
  690   1          uint32 budget_us = DL1A_GET_START_OVERHEAD + DL1A_END_OVERHEAD;
  691   1      
  692   1          dl1a_get_sequence_step_enables(&enables);
  693   1          dl1a_get_sequence_step_timeouts(&enables, &timeouts);
  694   1      
  695   1          if (enables.tcc)
  696   1          {
  697   2              budget_us += (timeouts.msrc_dss_tcc_us + DL1A_TCC_OVERHEAD);
  698   2          }
  699   1      
  700   1          if (enables.dss)
  701   1          {
  702   2              budget_us += 2 * (timeouts.msrc_dss_tcc_us + DL1A_DSS_OVERHEAD);
  703   2          }
  704   1          else if (enables.msrc)
  705   1          {
  706   2              budget_us += (timeouts.msrc_dss_tcc_us + DL1A_MSRC_OVERHEAD);
  707   2          }
  708   1      
  709   1          if (enables.pre_range)
  710   1          {
  711   2              budget_us += (timeouts.pre_range_us + DL1A_PRERANGE_OVERHEAD);
  712   2          }
  713   1      
  714   1          if (enables.final_range)
  715   1          {
  716   2              budget_us += (timeouts.final_range_us + DL1A_FINALlRANGE_OVERHEAD);
  717   2          }
  718   1      
  719   1          return budget_us;
  720   1      }
  721          
  722          //-------------------------------------------------------------------------------------------------------
             -------------
  723          // å‡½æ•°ç®€ä»‹     è®¾ç½®è¿”å›ä¿¡å·é€Ÿç‡é™åˆ¶ è¯¥å€¼å•ä½ä¸º MCPS (ç™¾ä¸‡æ¬¡æ¯ç§’)
  724          // å‚æ•°è¯´æ˜     limit_mcps      è®¾ç½®çš„æœ€å°é€Ÿç‡
  725          // è¿”å›å‚æ•°     void
  726          // ä½¿ç”¨ç¤ºä¾‹     dl1a_set_signal_rate_limit(0.25);
  727          // å¤‡æ³¨ä¿¡æ¯     è¿™ä¸ªé€Ÿç‡è¡¨ç¤ºä»ç›®æ ‡åå°„å¹¶è¢«è®¾å¤‡æ£€æµ‹åˆ°çš„ä¿¡å·çš„æŒ¯å¹…
  728          //              è®¾ç½®æ­¤é™åˆ¶å¯ä»¥ç¡®å®šä¼ æ„Ÿå™¨æŠ¥å‘Šæœ‰æ•ˆè¯»æ•°æ‰€éœ€çš„æœ€å°æµ‹é‡å€¼
  729          //              è®¾ç½®ä¸€ä¸ªè¾ƒä½çš„é™åˆ¶å¯ä»¥å¢åŠ ä¼ æ„Ÿå™¨çš„æµ‹é‡èŒƒå›´
  730          //              ä½†ä¼¼ä¹ä¹Ÿå¢åŠ äº† <ç”±äºæ¥è‡ªç›®æ ‡ä»¥å¤–çš„ç‰©ä½“çš„ä¸éœ€è¦çš„åå°„å¯¼è‡´> å¾—å
             -ˆ°ä¸å‡†ç¡®è¯»æ•°çš„å¯èƒ½æ€§
  731          //              é»˜è®¤ä¸º 0.25 MCPS å¯é¢„è®¾èŒƒå›´ä¸º 0 - 511.99
  732          //-------------------------------------------------------------------------------------------------------
             -------------
  733          static void dl1a_set_signal_rate_limit (float limit_mcps)
C251 COMPILER V5.60.0,  SEEKFREE_DL1A                                                      15/07/23  15:59:07  PAGE 13  

  734          {
  735   1              uint8 data_buffer[3];
  736   1          uint16 limit_mcps_16bit = (limit_mcps * (1 << 7));
  737   1          //zf_assert(limit_mcps >= 0 || limit_mcps <= 511.99);
  738   1      
  739   1      
  740   1          data_buffer[0] = DL1A_FINAL_RANGE_CONFIG_MIN_COUNT_RATE_RTN_LIMIT;
  741   1          data_buffer[1] = ((limit_mcps_16bit >> 8) & 0xFF);
  742   1          data_buffer[2] = (limit_mcps_16bit & 0xFF);
  743   1      
  744   1          dl1a_write_array(data_buffer, 3);
  745   1      }
  746          
  747          //-------------------------------------------------------------------------------------------------------
             -------------
  748          // å‡½æ•°ç®€ä»‹     è¿”å›ä»¥æ¯«ç±³ä¸ºå•ä½çš„èŒƒå›´è¯»æ•°
  749          // å‚æ•°è¯´æ˜     void
  750          // è¿”å›å‚æ•°     uint8           0-æ•°æ®æ— æ•ˆ 1-æ•°æ®æœ‰æ•ˆ
  751          // ä½¿ç”¨ç¤ºä¾‹     dl1a_get_distance();
  752          // å¤‡æ³¨ä¿¡æ¯     åœ¨å¼€å§‹å•æ¬¡å°„ç¨‹æµ‹é‡åä¹Ÿè°ƒç”¨æ­¤å‡½æ•°
  753          //-------------------------------------------------------------------------------------------------------
             -------------
  754          void dl1a_get_distance (void)
  755          {
  756   1          uint8 reg_databuffer[3];
  757   1      
  758   1          dl1a_read_registers_1(DL1A_RESULT_INTERRUPT_STATUS, reg_databuffer, 1);
  759   1          if((reg_databuffer[0] & 0x07) == 0)
  760   1          {
  761   2              dl1a_finsh_flag = 0;
  762   2          }
  763   1          else
  764   1          {
  765   2              // å‡è®¾çº¿æ€§åº¦æ ¡æ­£å¢ç›Šä¸ºé»˜è®¤å€¼ 1000 ä¸”æœªå¯ç”¨åˆ†æ•°èŒƒå›´
  766   2              dl1a_read_registers_1(DL1A_RESULT_RANGE_STATUS + 10, reg_databuffer, 2);
  767   2              dl1a_distance_mm = ((uint16)reg_databuffer[0] << 8);
  768   2              dl1a_distance_mm |= reg_databuffer[1];
  769   2      
  770   2              dl1a_write_register(DL1A_SYSTEM_INTERRUPT_CLEAR, 0x01);
  771   2              dl1a_finsh_flag = 1;
  772   2          }
  773   1      }
  774          
  775          //-------------------------------------------------------------------------------------------------------
             -------------
  776          // å‡½æ•°ç®€ä»‹     åˆå§‹åŒ– DL1A
  777          // å‚æ•°è¯´æ˜     void
  778          // è¿”å›å‚æ•°     uint8           1-åˆå§‹åŒ–å¤±è´¥ 0-åˆå§‹åŒ–æˆåŠŸ
  779          // ä½¿ç”¨ç¤ºä¾‹     dl1a_init();
  780          // å¤‡æ³¨ä¿¡æ¯     
  781          //-------------------------------------------------------------------------------------------------------
             -------------
  782          uint8 dl1a_init (void)
  783          {
  784   1          uint32 measurement_timing_budget_us = 0;
  785   1          uint8 stop_variable = 0;
  786   1          uint8 return_state = 0;
  787   1          uint8 reg_data_buffer = 0;
  788   1          uint8 ref_spad_map[6];
  789   1          uint8 data_buffer[7];
  790   1              uint8 i = 0;
  791   1              
  792   1          memset(ref_spad_map, 0, 6);
  793   1          memset(data_buffer, 0, 7);
  794   1      
  795   1      
C251 COMPILER V5.60.0,  SEEKFREE_DL1A                                                      15/07/23  15:59:07  PAGE 14  

  796   1      
  797   1          do
  798   1          {
  799   2              delay_ms(100);
  800   2              DL1A_XSHUT_PIN = 0;
  801   2              delay_ms(50);
  802   2              DL1A_XSHUT_PIN = 1;
  803   2              delay_ms(100);
  804   2      
  805   2              // -------------------------------- DL1A å¯åŠ¨åˆå§‹åŒ– --------------------------------
  806   2              reg_data_buffer = dl1a_read_register(DL1A_IO_VOLTAGE_CONFIG);         // ä¼ æ„Ÿå™¨é»˜è®¤ IO ä¸º 1
             -.8V æ¨¡å¼
  807   2              dl1a_write_register(DL1A_IO_VOLTAGE_CONFIG, reg_data_buffer | 0x01);  // é…ç½® IO ä¸º 2.8V æ¨¡å¼
             -
  808   2      
  809   2              dl1a_write_register(0x88, 0x00);                                         // è®¾ç½®ä¸ºæ ‡å‡† IIC æ
             -¨¡å¼
  810   2      
  811   2              dl1a_write_register(0x80, 0x01);
  812   2              dl1a_write_register(0xFF, 0x01);
  813   2              dl1a_write_register(0x00, 0x00);
  814   2      
  815   2              dl1a_read_registers(0x91, &stop_variable , 1);
  816   2      
  817   2              dl1a_write_register(0x00, 0x01);
  818   2              dl1a_write_register(0xFF, 0x00);
  819   2              dl1a_write_register(0x80, 0x00);
  820   2      
  821   2              // ç¦ç”¨ SIGNAL_RATE_MSRC(bit1) å’Œ SIGNAL_RATE_PRE_RANGE(bit4) é™åˆ¶æ£€æŸ¥
  822   2              reg_data_buffer = dl1a_read_register(DL1A_MSRC_CONFIG);
  823   2              dl1a_write_register(DL1A_MSRC_CONFIG, reg_data_buffer | 0x12);
  824   2      
  825   2              dl1a_set_signal_rate_limit(DL1A_DEFAULT_RATE_LIMIT);                  // è®¾ç½®ä¿¡å·é€Ÿç‡é™åˆ¶
  826   2              dl1a_write_register(DL1A_SYSTEM_SEQUENCE_CONFIG, 0xFF);
  827   2              // -------------------------------- DL1A å¯åŠ¨åˆå§‹åŒ– --------------------------------
  828   2      
  829   2              // -------------------------------- DL1A é…ç½®åˆå§‹åŒ– --------------------------------
  830   2              if (dl1a_get_spad_info(&data_buffer[0], &data_buffer[1]))
  831   2              {
  832   3                              return_state = 1;
  833   3                  // å¦‚æœç¨‹åºåœ¨è¾“å‡ºäº†æ–­è¨€ä¿¡æ¯ å¹¶ä¸”æç¤ºå‡ºé”™ä½ç½®åœ¨è¿™é‡Œ
  834   3                  // é‚£ä¹ˆå°±æ˜¯ dl1a è‡ªæ£€å‡ºé”™å¹¶è¶…æ—¶é€€å‡ºäº†
  835   3                  // æ£€æŸ¥ä¸€ä¸‹æ¥çº¿æœ‰æ²¡æœ‰é—®é¢˜ å¦‚æœæ²¡é—®é¢˜å¯èƒ½å°±æ˜¯åäº†
  836   3      
  837   3                              printf("dl1a init error.\r\n");
  838   3                              break;
  839   3              }
  840   2      
  841   2              // ä» GLOBAL_CONFIG_SPAD_ENABLES_REF_[0-6] è·å– SPAD map (RefGoodSpadMap) æ•°æ®
  842   2              dl1a_read_registers(DL1A_GLOBAL_CONFIG_SPAD_ENABLES_REF_0, ref_spad_map, 6);
  843   2      
  844   2              dl1a_write_register(0xFF, 0x01);
  845   2              dl1a_write_register(DL1A_DYNAMIC_SPAD_REF_EN_START_OFFSET, 0x00);
  846   2              dl1a_write_register(DL1A_DYNAMIC_SPAD_NUM_REQUESTED_REF_SPAD, 0x2C);
  847   2              dl1a_write_register(0xFF, 0x00);
  848   2              dl1a_write_register(DL1A_GLOBAL_CONFIG_REF_EN_START_SELECT, 0xB4);
  849   2      
  850   2              data_buffer[2] = data_buffer[1] ? 12 : 0; // 12 is the first aperture spad
  851   2              for (i = 0; i < 48; i++)
  852   2              {
  853   3                  if (i < data_buffer[2] || data_buffer[3] == data_buffer[0])
  854   3                  {
  855   4                      // æ­¤ä½ä½äºåº”å¯ç”¨çš„ç¬¬ä¸€ä¸ªä½
  856   4                      // æˆ–è€… (eference_spad_count) ä½å·²å¯ç”¨
  857   4                      // å› æ­¤æ­¤ä½ä¸ºé›¶
  858   4                      ref_spad_map[i / 8] &= ~(1 << (i % 8));
C251 COMPILER V5.60.0,  SEEKFREE_DL1A                                                      15/07/23  15:59:07  PAGE 15  

  859   4                  }
  860   3                  else if ((ref_spad_map[i / 8] >> (i % 8)) & 0x1)
  861   3                  {
  862   4                      data_buffer[3]++;
  863   4                  }
  864   3              }
  865   2      
  866   2              data_buffer[0] = DL1A_GLOBAL_CONFIG_SPAD_ENABLES_REF_0;
  867   2              for(i = 1; i < 7; i++)
  868   2              {
  869   3                  data_buffer[1] = ref_spad_map[i-1];
  870   3              }
  871   2              dl1a_write_array(data_buffer, 7);
  872   2      
  873   2              // é»˜è®¤è½¬æ¢è®¾ç½® version 02/11/2015_v36
  874   2              dl1a_write_register(0xFF, 0x01);
  875   2              dl1a_write_register(0x00, 0x00);
  876   2              dl1a_write_register(0xFF, 0x00);
  877   2              dl1a_write_register(0x09, 0x00);
  878   2              dl1a_write_register(0x10, 0x00);
  879   2              dl1a_write_register(0x11, 0x00);
  880   2              dl1a_write_register(0x24, 0x01);
  881   2              dl1a_write_register(0x25, 0xFF);
  882   2              dl1a_write_register(0x75, 0x00);
  883   2              dl1a_write_register(0xFF, 0x01);
  884   2              dl1a_write_register(0x4E, 0x2C);
  885   2              dl1a_write_register(0x48, 0x00);
  886   2              dl1a_write_register(0x30, 0x20);
  887   2              dl1a_write_register(0xFF, 0x00);
  888   2              dl1a_write_register(0x30, 0x09);
  889   2              dl1a_write_register(0x54, 0x00);
  890   2              dl1a_write_register(0x31, 0x04);
  891   2              dl1a_write_register(0x32, 0x03);
  892   2              dl1a_write_register(0x40, 0x83);
  893   2              dl1a_write_register(0x46, 0x25);
  894   2              dl1a_write_register(0x60, 0x00);
  895   2              dl1a_write_register(0x27, 0x00);
  896   2              dl1a_write_register(0x50, 0x06);
  897   2              dl1a_write_register(0x51, 0x00);
  898   2              dl1a_write_register(0x52, 0x96);
  899   2              dl1a_write_register(0x56, 0x08);
  900   2              dl1a_write_register(0x57, 0x30);
  901   2              dl1a_write_register(0x61, 0x00);
  902   2              dl1a_write_register(0x62, 0x00);
  903   2              dl1a_write_register(0x64, 0x00);
  904   2              dl1a_write_register(0x65, 0x00);
  905   2              dl1a_write_register(0x66, 0xA0);
  906   2              dl1a_write_register(0xFF, 0x01);
  907   2              dl1a_write_register(0x22, 0x32);
  908   2              dl1a_write_register(0x47, 0x14);
  909   2              dl1a_write_register(0x49, 0xFF);
  910   2              dl1a_write_register(0x4A, 0x00);
  911   2              dl1a_write_register(0xFF, 0x00);
  912   2              dl1a_write_register(0x7A, 0x0A);
  913   2              dl1a_write_register(0x7B, 0x00);
  914   2              dl1a_write_register(0x78, 0x21);
  915   2              dl1a_write_register(0xFF, 0x01);
  916   2              dl1a_write_register(0x23, 0x34);
  917   2              dl1a_write_register(0x42, 0x00);
  918   2              dl1a_write_register(0x44, 0xFF);
  919   2              dl1a_write_register(0x45, 0x26);
  920   2              dl1a_write_register(0x46, 0x05);
  921   2              dl1a_write_register(0x40, 0x40);
  922   2              dl1a_write_register(0x0E, 0x06);
  923   2              dl1a_write_register(0x20, 0x1A);
  924   2              dl1a_write_register(0x43, 0x40);
C251 COMPILER V5.60.0,  SEEKFREE_DL1A                                                      15/07/23  15:59:07  PAGE 16  

  925   2              dl1a_write_register(0xFF, 0x00);
  926   2              dl1a_write_register(0x34, 0x03);
  927   2              dl1a_write_register(0x35, 0x44);
  928   2              dl1a_write_register(0xFF, 0x01);
  929   2              dl1a_write_register(0x31, 0x04);
  930   2              dl1a_write_register(0x4B, 0x09);
  931   2              dl1a_write_register(0x4C, 0x05);
  932   2              dl1a_write_register(0x4D, 0x04);
  933   2              dl1a_write_register(0xFF, 0x00);
  934   2              dl1a_write_register(0x44, 0x00);
  935   2              dl1a_write_register(0x45, 0x20);
  936   2              dl1a_write_register(0x47, 0x08);
  937   2              dl1a_write_register(0x48, 0x28);
  938   2              dl1a_write_register(0x67, 0x00);
  939   2              dl1a_write_register(0x70, 0x04);
  940   2              dl1a_write_register(0x71, 0x01);
  941   2              dl1a_write_register(0x72, 0xFE);
  942   2              dl1a_write_register(0x76, 0x00);
  943   2              dl1a_write_register(0x77, 0x00);
  944   2              dl1a_write_register(0xFF, 0x01);
  945   2              dl1a_write_register(0x0D, 0x01);
  946   2              dl1a_write_register(0xFF, 0x00);
  947   2              dl1a_write_register(0x80, 0x01);
  948   2              dl1a_write_register(0x01, 0xF8);
  949   2              dl1a_write_register(0xFF, 0x01);
  950   2              dl1a_write_register(0x8E, 0x01);
  951   2              dl1a_write_register(0x00, 0x01);
  952   2              dl1a_write_register(0xFF, 0x00);
  953   2              dl1a_write_register(0x80, 0x00);
  954   2      
  955   2              // å°†ä¸­æ–­é…ç½®è®¾ç½®ä¸ºæ–°æ ·å“å°±ç»ª
  956   2              dl1a_write_register(DL1A_SYSTEM_INTERRUPT_GPIO_CONFIG, 0x04);
  957   2              reg_data_buffer = dl1a_read_register(DL1A_GPIO_HV_MUX_ACTIVE_HIGH);
  958   2              dl1a_write_register(DL1A_GPIO_HV_MUX_ACTIVE_HIGH, reg_data_buffer & ~0x10);
  959   2              dl1a_write_register(DL1A_SYSTEM_INTERRUPT_CLEAR, 0x01);
  960   2      
  961   2              measurement_timing_budget_us  = dl1a_get_measurement_timing_budget();
  962   2      
  963   2              // é»˜è®¤æƒ…å†µä¸‹ç¦ç”¨ MSRC å’Œ TCC
  964   2              // MSRC = Minimum Signal Rate Check
  965   2              // TCC = Target CentreCheck
  966   2              dl1a_write_register(DL1A_SYSTEM_SEQUENCE_CONFIG, 0xE8);
  967   2              dl1a_set_measurement_timing_budget(measurement_timing_budget_us);    // é‡æ–°è®¡ç®—æ—¶åºé¢„ç®—
  968   2              // -------------------------------- DL1A é…ç½®åˆå§‹åŒ– --------------------------------
  969   2      
  970   2              dl1a_write_register(DL1A_SYSTEM_SEQUENCE_CONFIG, 0x01);
  971   2              if (dl1a_perform_single_ref_calibration(0x40))
  972   2              {
  973   3                  return_state = 1;
  974   3                  break;
  975   3              }
  976   2              dl1a_write_register(DL1A_SYSTEM_SEQUENCE_CONFIG, 0x02);
  977   2              if (dl1a_perform_single_ref_calibration(0x00))
  978   2              {
  979   3                  return_state = 1;
  980   3                  break;
  981   3              }
  982   2              dl1a_write_register(DL1A_SYSTEM_SEQUENCE_CONFIG, 0xE8);           // æ¢å¤ä»¥å‰çš„åºåˆ—é…ç½®
  983   2      
  984   2              delay_ms(100);
  985   2      
  986   2              dl1a_write_register(0x80, 0x01);
  987   2              dl1a_write_register(0xFF, 0x01);
  988   2              dl1a_write_register(0x00, 0x00);
  989   2              dl1a_write_register(0x91, stop_variable);
  990   2              dl1a_write_register(0x00, 0x01);
C251 COMPILER V5.60.0,  SEEKFREE_DL1A                                                      15/07/23  15:59:07  PAGE 17  

  991   2              dl1a_write_register(0xFF, 0x00);
  992   2              dl1a_write_register(0x80, 0x00);
  993   2      
  994   2              dl1a_write_register(DL1A_SYSRANGE_START, 0x02);
  995   2          }while(0);
  996   1      
  997   1          return return_state;
  998   1      }
  999          


Module Information          Static   Overlayable
------------------------------------------------
  code size            =      4624     ------
  ecode size           =    ------     ------
  data size            =    ------     ------
  idata size           =    ------     ------
  pdata size           =    ------     ------
  xdata size           =    ------     ------
  xdata-const size     =    ------     ------
  edata size           =       222     ------
  bit size             =    ------     ------
  ebit size            =    ------     ------
  bitaddressable size  =    ------     ------
  ebitaddressable size =    ------     ------
  far data size        =    ------     ------
  huge data size       =    ------     ------
  const size           =    ------     ------
  hconst size          =        19     ------
End of Module Information.


C251 COMPILATION COMPLETE.  0 WARNING(S),  0 ERROR(S)
