C251 COMPILER V5.60.0,  SEEKFREE_IMU660RA                                                  15/07/23  15:59:08  PAGE 1   


C251 COMPILER V5.60.0, COMPILATION OF MODULE SEEKFREE_IMU660RA
OBJECT MODULE PLACED IN .\Out_File\SEEKFREE_IMU660RA.obj
COMPILER INVOKED BY: D:\Keil\C251\BIN\C251.EXE ..\..\Libraries\seekfree_peripheral\SEEKFREE_IMU660RA.c XSMALL INTR2 WARN
                    -INGLEVEL(3) OPTIMIZE(0,SPEED) BROWSE INCDIR(..\..\Libraries\libraries;..\..\Libraries\seekfree_libraries;..\..\Libraries
                    -\seekfree_peripheral;..\CODE;..\USER\inc;..\USER\src;..\CODE) DEBUG PRINT(.\Out_File\SEEKFREE_IMU660RA.lst) OBJECT(.\Out
                    -_File\SEEKFREE_IMU660RA.obj) 

stmt  level    source

    1          /********************************************************************************************************
             -*************
    2           * COPYRIGHT NOTICE
    3           * Copyright (c) 2018,é€é£ç§‘æŠ€
    4           * All rights reserved.
    5           * æŠ€æœ¯è®¨è®ºQQç¾¤ï¼šä¸€ç¾¤ï¼š179029047(å·²æ»¡)  äºŒç¾¤ï¼š244861897
    6           *
    7           * ä»¥ä¸‹æ‰€æœ‰å†…å®¹ç‰ˆæƒå‡å±é€é£ç§‘æŠ€æ‰€æœ‰ï¼Œæœªç»å…è®¸ä¸å¾—ç”¨äºå•†ä¸šç”¨é€”ï¼Œ
    8           * æ¬¢è¿å„ä½ä½¿ç”¨å¹¶ä¼ æ’­æœ¬ç¨‹åºï¼Œä¿®æ”¹å†…å®¹æ—¶å¿…é¡»ä¿ç•™é€é£ç§‘æŠ€çš„ç‰ˆæƒå£°æ˜ã€‚
    9           *
   10           * @file                IMU660RA
   11           * @company                     æˆéƒ½é€é£ç§‘æŠ€æœ‰é™å…¬å¸
   12           * @author              é€é£ç§‘æŠ€(QQ3184284598)
   13           * @version             æŸ¥çœ‹docå†…versionæ–‡ä»¶ ç‰ˆæœ¬è¯´æ˜
   14           * @Software            MDK FOR C251 V5.60
   15           * @Target core         STC32G12K128
   16           * @Taobao              https://seekfree.taobao.com/
   17           * @date                2019-04-30
   18           * @note                
   19           * æ¥çº¿å®šä¹‰ï¼š
   20           *                   ------------------------------------
   21           *                   æ¨¡å—ç®¡è„š            å•ç‰‡æœºç®¡è„š
   22           *                   // ç¡¬ä»¶ SPI å¼•è„š
   23           *                   SCL/SPC           æŸ¥çœ‹ SEEKFREE_IMU660RA.h ä¸­ IMU660RA_SPC_PIN å®å®šä¹‰
   24           *                   SDA/DSI           æŸ¥çœ‹ SEEKFREE_IMU660RA.h ä¸­ IMU660RA_SDI_PIN å®å®šä¹‰
   25           *                   SA0/SDO           æŸ¥çœ‹ SEEKFREE_IMU660RA.h ä¸­ IMU660RA_SDO_PIN å®å®šä¹‰
   26           *                   CS                æŸ¥çœ‹ SEEKFREE_IMU660RA.h ä¸­ IMU660RA_CS_PIN å®å®šä¹‰
   27           *                   VCC               3.3Vç”µæº
   28           *                   GND               ç”µæºåœ°
   29           *                   å…¶ä½™å¼•è„šæ‚¬ç©º
   30           *
   31           *                   // è½¯ä»¶ IIC å¼•è„š
   32           *                   SCL/SPC           æŸ¥çœ‹ SEEKFREE_IMU660RA.h ä¸­ IMU660RA_SCL_PIN å®å®šä¹‰
   33           *                   SDA/DSI           æŸ¥çœ‹ SEEKFREE_IMU660RA.h ä¸­ IMU660RA_SDA_PIN å®å®šä¹‰
   34           *                   VCC               3.3Vç”µæº
   35           *                   GND               ç”µæºåœ°
   36           *                   å…¶ä½™å¼•è„šæ‚¬ç©º
   37           *                   ------------------------------------
   38          *********************************************************************************************************
             -***********/
   39          
   40          #include "SEEKFREE_IMU660RA.h"
   41          
   42          #include "SEEKFREE_CONFIG.h"
   43          
   44          #include "zf_delay.h"
   45          #include "zf_spi.h"
   46          
   47          
   48          #pragma warning disable = 177
   49          #pragma warning disable = 183
   50          
   51          
   52          int16 imu660ra_gyro_x = 0, imu660ra_gyro_y = 0, imu660ra_gyro_z = 0;            // ä¸‰è½´é™€èºä»ªæ•°æ® 
             -  gyro (é™€èºä»ª)
   53          int16 imu660ra_acc_x = 0, imu660ra_acc_y = 0, imu660ra_acc_z = 0;               // ä¸‰è½´åŠ é€Ÿåº¦è®¡æ•°æ
C251 COMPILER V5.60.0,  SEEKFREE_IMU660RA                                                  15/07/23  15:59:08  PAGE 2   

             -® acc  (accelerometer åŠ é€Ÿåº¦è®¡)
   54          
   55          #if IMU660RA_USE_SOFT_IIC
               
               #define GET_IMU660RA_SDA                                IMU660RA_SDA_PIN
               #define IMU660RA_SCL_LOW()              IMU660RA_SCL_PIN = 0            //IOå£è¾“å‡ºä½ç”µå¹³
               #define IMU660RA_SCL_HIGH()             IMU660RA_SCL_PIN = 1            //IOå£è¾“å‡ºé«˜ç”µå¹³
               #define IMU660RA_SDA_LOW()              IMU660RA_SDA_PIN = 0            //IOå£è¾“å‡ºä½ç”µå¹³
               #define IMU660RA_SDA_HIGH()             IMU660RA_SDA_PIN = 1            //IOå£è¾“å‡ºé«˜ç”µå¹³
               
               
               #define ack 1      //ä¸»åº”ç­”
               #define no_ack 0   //ä»åº”ç­”  
               
               //-------------------------------------------------------------------------------------------------------
             -------------
               //  @brief      æ¨¡æ‹ŸIICå»¶æ—¶
               //  @return     void                                            
               //  @since      v1.0
               //  Sample usage:                               å¦‚æœIICé€šè®¯å¤±è´¥å¯ä»¥å°è¯•å¢åŠ jçš„å€¼
               //-------------------------------------------------------------------------------------------------------
             -------------
               static void imu660ra_simiic_delay(void)
               {
                   uint16 j=IMU660RA_SOFT_IIC_DELAY;   
                       while(j--);
               }
               
               //å†…éƒ¨ä½¿ç”¨ï¼Œç”¨æˆ·æ— éœ€è°ƒç”¨
               static void imu660ra_simiic_start(void)
               {
                       IMU660RA_SDA_HIGH();
                       IMU660RA_SCL_HIGH();
                       imu660ra_simiic_delay();
                       IMU660RA_SDA_LOW();
                       imu660ra_simiic_delay();
                       IMU660RA_SCL_LOW();
               }
               
               //å†…éƒ¨ä½¿ç”¨ï¼Œç”¨æˆ·æ— éœ€è°ƒç”¨
               static void imu660ra_simiic_stop(void)
               {
                       IMU660RA_SDA_LOW();
                       IMU660RA_SCL_LOW();
                       imu660ra_simiic_delay();
                       IMU660RA_SCL_HIGH();
                       imu660ra_simiic_delay();
                       IMU660RA_SDA_HIGH();
                       imu660ra_simiic_delay();
               }
               
               //ä¸»åº”ç­”(åŒ…å«ack:SDA=0å’Œno_ack:SDA=0)
               //å†…éƒ¨ä½¿ç”¨ï¼Œç”¨æˆ·æ— éœ€è°ƒç”¨
               static void imu660ra_simiic_sendack(unsigned char ack_dat)
               {
                   IMU660RA_SCL_LOW();
                       imu660ra_simiic_delay();
                       if(ack_dat) IMU660RA_SDA_LOW();
                   else        IMU660RA_SDA_HIGH();
               
                   IMU660RA_SCL_HIGH();
                   imu660ra_simiic_delay();
                   IMU660RA_SCL_LOW();
                   imu660ra_simiic_delay();
               }
               
C251 COMPILER V5.60.0,  SEEKFREE_IMU660RA                                                  15/07/23  15:59:08  PAGE 3   

               
               static int imu660ra_sccb_waitack(void)
               {
                   IMU660RA_SCL_LOW();
               
                       imu660ra_simiic_delay();
                       
                       IMU660RA_SCL_HIGH();
                   imu660ra_simiic_delay();
                       
                   if(GET_IMU660RA_SDA)           //åº”ç­”ä¸ºé«˜ç”µå¹³ï¼Œå¼‚å¸¸ï¼Œé€šä¿¡å¤±è´¥
                   {
               
                       IMU660RA_SCL_LOW();
                       return 0;
                   }
               
                   IMU660RA_SCL_LOW();
                       imu660ra_simiic_delay();
                   return 1;
               }
               
               //å­—èŠ‚å‘é€ç¨‹åº
               //å‘é€c(å¯ä»¥æ˜¯æ•°æ®ä¹Ÿå¯æ˜¯åœ°å€)ï¼Œé€å®Œåæ¥æ”¶ä»åº”ç­”
               //ä¸è€ƒè™‘ä»åº”ç­”ä½
               //å†…éƒ¨ä½¿ç”¨ï¼Œç”¨æˆ·æ— éœ€è°ƒç”¨
               static void imu660ra_send_ch(uint8 c)
               {
                       uint8 i = 8;
                   while(i--)
                   {
                       if(c & 0x80)    IMU660RA_SDA_HIGH();//SDA è¾“å‡ºæ•°æ®
                       else                    IMU660RA_SDA_LOW();
                       c <<= 1;
                       imu660ra_simiic_delay();
                       IMU660RA_SCL_HIGH();                //SCL æ‹‰é«˜ï¼Œé‡‡é›†ä¿¡å·
                       imu660ra_simiic_delay();
                       IMU660RA_SCL_LOW();                //SCL æ—¶é’Ÿçº¿æ‹‰ä½
                   }
                       imu660ra_sccb_waitack();
               }
               
               
               //å­—èŠ‚æ¥æ”¶ç¨‹åº
               //æ¥æ”¶å™¨ä»¶ä¼ æ¥çš„æ•°æ®ï¼Œæ­¤ç¨‹åºåº”é…åˆ|ä¸»åº”ç­”å‡½æ•°|ä½¿ç”¨
               //å†…éƒ¨ä½¿ç”¨ï¼Œç”¨æˆ·æ— éœ€è°ƒç”¨
               static uint8 imu660ra_read_ch(uint8 ack_x)
               {
                   uint8 i;
                   uint8 c;
                   c=0;
                   IMU660RA_SCL_LOW();
                   imu660ra_simiic_delay();
                   IMU660RA_SDA_HIGH();             
               
                   for(i=0;i<8;i++)
                   {
                       imu660ra_simiic_delay();
                       IMU660RA_SCL_LOW();         //ç½®æ—¶é’Ÿçº¿ä¸ºä½ï¼Œå‡†å¤‡æ¥æ”¶æ•°æ®ä½
                       imu660ra_simiic_delay();
                       IMU660RA_SCL_HIGH();         //ç½®æ—¶é’Ÿçº¿ä¸ºé«˜ï¼Œä½¿æ•°æ®çº¿ä¸Šæ•°æ®æœ‰æ•ˆ
                       imu660ra_simiic_delay();
                       c<<=1;
                       if(GET_IMU660RA_SDA) 
                       {
                           c+=1;   //è¯»æ•°æ®ä½ï¼Œå°†æ¥æ”¶çš„æ•°æ®å­˜c
C251 COMPILER V5.60.0,  SEEKFREE_IMU660RA                                                  15/07/23  15:59:08  PAGE 4   

                       }
                   }
               
                       IMU660RA_SCL_LOW();
                       imu660ra_simiic_delay();
                       imu660ra_simiic_sendack(ack_x);
                       
                   return c;
               }
               
               
               //-------------------------------------------------------------------------------------------------------
             -------------
               //  @brief      æ¨¡æ‹ŸIICå†™æ•°æ®åˆ°è®¾å¤‡å¯„å­˜å™¨å‡½æ•°
               //  @param      dev_add                 è®¾å¤‡åœ°å€(ä½ä¸ƒä½åœ°å€)
               //  @param      reg                             å¯„å­˜å™¨åœ°å€
               //  @param      dat                             å†™å…¥çš„æ•°æ®
               //  @return     void                                            
               //  @since      v1.0
               //  Sample usage:                               
               //-------------------------------------------------------------------------------------------------------
             -------------
               static void imu660ra_simiic_write_reg(uint8 dev_add, uint8 reg, uint8 dat)
               {
                       imu660ra_simiic_start();
                   imu660ra_send_ch( (dev_add<<1) | 0x00);   //å‘é€å™¨ä»¶åœ°å€åŠ å†™ä½
                       imu660ra_send_ch( reg );                                 //å‘é€ä»æœºå¯„å­˜å™¨åœ°å€
                       imu660ra_send_ch( dat );                                 //å‘é€éœ€è¦å†™å…¥çš„æ•°æ®
                       imu660ra_simiic_stop();
               }
               
               //-------------------------------------------------------------------------------------------------------
             -------------
               //  @brief      æ¨¡æ‹ŸIICå†™æ•°æ®åˆ°è®¾å¤‡å¯„å­˜å™¨å‡½æ•°
               //  @param      dev_add                 è®¾å¤‡åœ°å€(ä½ä¸ƒä½åœ°å€)
               //  @param      reg                             å¯„å­˜å™¨åœ°å€
               //  @param      dat                             å†™å…¥çš„æ•°æ®
               //  @return     void                                            
               //  @since      v1.0
               //  Sample usage:                               
               //-------------------------------------------------------------------------------------------------------
             -------------
               static void imu660ra_simiic_write_regs(uint8 dev_add, uint8 reg, uint8 *dat, uint32 len)
               {
                       uint16 i = 0;
                       imu660ra_simiic_start();
                   imu660ra_send_ch( (dev_add<<1) | 0x00);   //å‘é€å™¨ä»¶åœ°å€åŠ å†™ä½
                       imu660ra_send_ch( reg );                                 //å‘é€ä»æœºå¯„å­˜å™¨åœ°å€
               
                       while(len--)
                       {
                               imu660ra_send_ch( *dat++ );                              //å‘é€éœ€è¦å†™å…¥çš„æ•°æ®
                       }
               
                       
                       imu660ra_simiic_stop();
               }
               //-------------------------------------------------------------------------------------------------------
             -------------
               //  @brief      æ¨¡æ‹ŸIICä»è®¾å¤‡å¯„å­˜å™¨è¯»å–æ•°æ®
               //  @param      dev_add                 è®¾å¤‡åœ°å€(ä½ä¸ƒä½åœ°å€)
               //  @param      reg                             å¯„å­˜å™¨åœ°å€
               //  @param      type                    é€‰æ‹©é€šä¿¡æ–¹å¼æ˜¯IIC  è¿˜æ˜¯ SCCB
               //  @return     uint8                   è¿”å›å¯„å­˜å™¨çš„æ•°æ®                        
               //  @since      v1.0
               //  Sample usage:                               
C251 COMPILER V5.60.0,  SEEKFREE_IMU660RA                                                  15/07/23  15:59:08  PAGE 5   

               //-------------------------------------------------------------------------------------------------------
             -------------
               static uint8 imu660ra_simiic_read_reg(uint8 dev_add, uint8 reg)
               {
                       uint8 dat;
                       imu660ra_simiic_start();
                   imu660ra_send_ch( (dev_add<<1) | 0x00);  //å‘é€å™¨ä»¶åœ°å€åŠ å†™ä½
                       imu660ra_send_ch( reg );                                //å‘é€ä»æœºå¯„å­˜å™¨åœ°å€
                       
                       imu660ra_simiic_start();
                       imu660ra_send_ch( (dev_add<<1) | 0x01);  //å‘é€å™¨ä»¶åœ°å€åŠ è¯»ä½
                       dat = imu660ra_read_ch(no_ack);                                 //è¯»å–æ•°æ®
                       imu660ra_simiic_stop();
                       
                       return dat;
               }
               
               //-------------------------------------------------------------------------------------------------------
             -------------
               //  @brief      æ¨¡æ‹ŸIICè¯»å–å¤šå­—èŠ‚æ•°æ®
               //  @param      dev_add                 è®¾å¤‡åœ°å€(ä½ä¸ƒä½åœ°å€)
               //  @param      reg                             å¯„å­˜å™¨åœ°å€
               //  @param      dat_add                 æ•°æ®ä¿å­˜çš„åœ°å€æŒ‡é’ˆ
               //  @param      num                             è¯»å–å­—èŠ‚æ•°é‡
               //  @param      type                    é€‰æ‹©é€šä¿¡æ–¹å¼æ˜¯IIC  è¿˜æ˜¯ SCCB
               //  @return     uint8                   è¿”å›å¯„å­˜å™¨çš„æ•°æ®                        
               //  @since      v1.0
               //  Sample usage:                               
               //-------------------------------------------------------------------------------------------------------
             -------------
               static void imu660ra_simiic_read_regs(uint8 dev_add, uint8 reg, uint8 *dat_add, uint32 num)
               {
                       imu660ra_simiic_start();
                   imu660ra_send_ch( (dev_add<<1) | 0x00);  //å‘é€å™¨ä»¶åœ°å€åŠ å†™ä½
                       imu660ra_send_ch( reg );                                //å‘é€ä»æœºå¯„å­˜å™¨åœ°å€
                       
                       imu660ra_simiic_start();
                       imu660ra_send_ch( (dev_add<<1) | 0x01);  //å‘é€å™¨ä»¶åœ°å€åŠ è¯»ä½
                   while(--num)
                   {
                       *dat_add = imu660ra_read_ch(ack); //è¯»å–æ•°æ®
                       dat_add++;
                   }
                   *dat_add = imu660ra_read_ch(no_ack); //è¯»å–æ•°æ®
                       imu660ra_simiic_stop();
               }
               
               #define imu660ra_write_register(reg, dat)        (imu660ra_simiic_write_reg(IMU660RA_DEV_ADDR, (reg), (da
             -t)))
               #define imu660ra_write_registers(reg, dat, len)  (imu660ra_simiic_write_regs(IMU660RA_DEV_ADDR, (reg), (d
             -at), (len)))
               #define imu660ra_read_register(reg)              (imu660ra_simiic_read_reg(IMU660RA_DEV_ADDR, (reg)))
               #define imu660ra_read_registers(reg, dat, len)   (imu660ra_simiic_read_regs(IMU660RA_DEV_ADDR, (reg), (da
             -t), (len)))
               
               #else
  294          
  295          
  296          #define IMU660RA_SCK(x)                         IMU660RA_SPC_PIN  = x
  297          #define IMU660RA_MOSI(x)                        IMU660RA_SDI_PIN = x
  298          #define IMU660RA_CS(x)                          IMU660RA_CS_PIN  = x
  299          #define IMU660RA_MISO                           IMU660RA_SDO_PIN 
  300          
  301          
  302          //-------------------------------------------------------------------------------------------------------
             -------------
C251 COMPILER V5.60.0,  SEEKFREE_IMU660RA                                                  15/07/23  15:59:08  PAGE 6   

  303          //  @brief      é€šè¿‡SPIå†™ä¸€ä¸ªbyte,åŒæ—¶è¯»å–ä¸€ä¸ªbyte
  304          //  @param      byte        å‘é€çš„æ•°æ®    
  305          //  @return     uint8       return è¿”å›statusçŠ¶æ€
  306          //  @since      v1.0
  307          //  Sample usage:
  308          //-------------------------------------------------------------------------------------------------------
             -------------
  309          static uint8 imu660ra_simspi_wr_byte(uint8 byte)
  310          {
  311   1          uint8 i;
  312   1              
  313   1          for(i=0; i<8; i++)
  314   1          {
  315   2              IMU660RA_MOSI(byte&0x80);
  316   2              byte <<= 1;
  317   2                      IMU660RA_SCK (0);
  318   2                      IMU660RA_SCK (0);
  319   2                      IMU660RA_SCK (1);
  320   2                      IMU660RA_SCK (1);
  321   2                      
  322   2                      byte |= IMU660RA_MISO; 
  323   2          }   
  324   1          return(byte);                                               
  325   1      }
  326          //-------------------------------------------------------------------------------------------------------
             -------------
  327          //  @brief      å°†valå†™å…¥cmdå¯¹åº”çš„å¯„å­˜å™¨åœ°å€,åŒæ—¶è¿”å›statuså­—èŠ‚
  328          //  @param      cmd         å‘½ä»¤å­—
  329          //  @param      val         å¾…å†™å…¥å¯„å­˜å™¨çš„æ•°å€¼
  330          //  @since      v1.0
  331          //  Sample usage:
  332          //-------------------------------------------------------------------------------------------------------
             -------------
  333          static void imu660ra_simspi_w_reg_byte(uint8 cmd, uint8 val)
  334          {
  335   1          cmd |= IMU660RA_SPI_W;
  336   1          imu660ra_simspi_wr_byte(cmd);                       
  337   1          imu660ra_simspi_wr_byte(val);                                                                               
  338   1      }
  339          
  340          
  341          //-------------------------------------------------------------------------------------------------------
             -------------
  342          //  @brief      å°†valå†™å…¥cmdå¯¹åº”çš„å¯„å­˜å™¨åœ°å€
  343          //  @param      cmd         å‘½ä»¤å­—
  344          //  @param      val         å¾…å†™å…¥å¯„å­˜å™¨çš„æ•°å€¼
  345          //  @since      v1.0
  346          //  Sample usage:
  347          //-------------------------------------------------------------------------------------------------------
             -------------
  348          static void imu660ra_simspi_w_reg_bytes(uint8 cmd, uint8 *dat_addr, uint32 len)
  349          {
  350   1          cmd |= IMU660RA_SPI_W;
  351   1          imu660ra_simspi_wr_byte(cmd);   
  352   1              while(len--)
  353   1              {
  354   2                      imu660ra_simspi_wr_byte(*dat_addr++);   
  355   2              }                                                                       
  356   1      }
  357          
  358          //-------------------------------------------------------------------------------------------------------
             -------------
  359          //  @brief      è¯»å–cmdæ‰€å¯¹åº”çš„å¯„å­˜å™¨åœ°å€
  360          //  @param      cmd         å‘½ä»¤å­—
  361          //  @param      *val        å­˜å‚¨è¯»å–çš„æ•°æ®åœ°å€
  362          //  @since      v1.0
C251 COMPILER V5.60.0,  SEEKFREE_IMU660RA                                                  15/07/23  15:59:08  PAGE 7   

  363          //  Sample usage:
  364          //-------------------------------------------------------------------------------------------------------
             -------------
  365          //static void imu660ra_simspi_r_reg_byte(uint8 cmd, uint8 *val)
  366          //{
  367          //    IMU660RA_CS(0);
  368          //    cmd |= IMU660RA_SPI_R;
  369          //    imu660ra_simspi_wr_byte(cmd);                                     
  370          //    *val = imu660ra_simspi_wr_byte(0);                                
  371          //    IMU660RA_CS(1);                                           
  372          //}
  373          
  374          //-------------------------------------------------------------------------------------------------------
             -------------
  375          //  @brief      è¯»å–cmdæ‰€å¯¹åº”çš„å¯„å­˜å™¨åœ°å€
  376          //  @param      cmd         å‘½ä»¤å­—
  377          //  @param      *val        å­˜å‚¨è¯»å–çš„æ•°æ®åœ°å€
  378          //  @param      num         è¯»å–çš„æ•°é‡
  379          //  @since      v1.0
  380          //  Sample usage:
  381          //-------------------------------------------------------------------------------------------------------
             -------------
  382          static void imu660ra_simspi_r_reg_bytes(uint8 cmd, uint8 *val, uint32 num)
  383          {
  384   1          cmd |= IMU660RA_SPI_R;
  385   1          imu660ra_simspi_wr_byte(cmd);
  386   1              
  387   1              while(num--)
  388   1              {
  389   2                      *val++ = imu660ra_simspi_wr_byte(0);
  390   2              }
  391   1      }
  392          
  393          
  394          //-------------------------------------------------------------------------------------------------------
             -------------
  395          // å‡½æ•°ç®€ä»‹     IMU660RA å†™å¯„å­˜å™¨
  396          // å‚æ•°è¯´æ˜     reg             å¯„å­˜å™¨åœ°å€
  397          // å‚æ•°è¯´æ˜     dat            æ•°æ®
  398          // è¿”å›å‚æ•°     void
  399          // ä½¿ç”¨ç¤ºä¾‹     imu660ra_write_register(IMU660RA_PWR_CONF, 0x00);                   // å…³é—­é«˜çº§çœ
             -ç”µæ¨¡å¼
  400          // å¤‡æ³¨ä¿¡æ¯     å†…éƒ¨è°ƒç”¨
  401          //-------------------------------------------------------------------------------------------------------
             -------------
  402          static void imu660ra_write_register(uint8 reg, uint8 dat)
  403          {
  404   1          IMU660RA_CS(0);
  405   1          imu660ra_simspi_w_reg_byte(reg | IMU660RA_SPI_W, dat);
  406   1          IMU660RA_CS(1);
  407   1      }
  408          
  409          //-------------------------------------------------------------------------------------------------------
             -------------
  410          // å‡½æ•°ç®€ä»‹     IMU660RA å†™æ•°æ®
  411          // å‚æ•°è¯´æ˜     reg             å¯„å­˜å™¨åœ°å€
  412          // å‚æ•°è¯´æ˜     dat            æ•°æ®
  413          // è¿”å›å‚æ•°     void
  414          // ä½¿ç”¨ç¤ºä¾‹     imu660ra_write_registers(IMU660RA_INIT_dat, imu660ra_config_file, sizeof(imu660ra_con
             -fig_file));
  415          // å¤‡æ³¨ä¿¡æ¯     å†…éƒ¨è°ƒç”¨
  416          //-------------------------------------------------------------------------------------------------------
             -------------
  417          static void imu660ra_write_registers(uint8 reg, const uint8 *dat, uint32 len)
  418          {
  419   1          IMU660RA_CS(0);
C251 COMPILER V5.60.0,  SEEKFREE_IMU660RA                                                  15/07/23  15:59:08  PAGE 8   

  420   1      
  421   1          imu660ra_simspi_w_reg_bytes(reg | IMU660RA_SPI_W, dat, len);
  422   1          IMU660RA_CS(1);
  423   1      }
  424          
  425          //-------------------------------------------------------------------------------------------------------
             -------------
  426          // å‡½æ•°ç®€ä»‹     IMU660RA è¯»å¯„å­˜å™¨
  427          // å‚æ•°è¯´æ˜     reg             å¯„å­˜å™¨åœ°å€
  428          // è¿”å›å‚æ•°     uint8           æ•°æ®
  429          // ä½¿ç”¨ç¤ºä¾‹     imu660ra_read_register(IMU660RA_CHIP_ID);
  430          // å¤‡æ³¨ä¿¡æ¯     å†…éƒ¨è°ƒç”¨
  431          //-------------------------------------------------------------------------------------------------------
             -------------
  432          static uint8 imu660ra_read_register(uint8 reg)
  433          {
  434   1          uint8 dat[2];
  435   1          IMU660RA_CS(0);
  436   1          imu660ra_simspi_r_reg_bytes(reg | IMU660RA_SPI_R, dat, 2);
  437   1          IMU660RA_CS(1);
  438   1          return dat[1];
  439   1      }
  440          
  441          //-------------------------------------------------------------------------------------------------------
             -------------
  442          // å‡½æ•°ç®€ä»‹     IMU660RA è¯»æ•°æ®
  443          // å‚æ•°è¯´æ˜     reg             å¯„å­˜å™¨åœ°å€
  444          // å‚æ•°è¯´æ˜     dat            æ•°æ®ç¼“å†²åŒº
  445          // å‚æ•°è¯´æ˜     len             æ•°æ®é•¿åº¦
  446          // è¿”å›å‚æ•°     void
  447          // ä½¿ç”¨ç¤ºä¾‹     imu660ra_read_registers(IMU660RA_ACC_ADDRESS, dat, 6);
  448          // å¤‡æ³¨ä¿¡æ¯     å†…éƒ¨è°ƒç”¨
  449          //-------------------------------------------------------------------------------------------------------
             -------------
  450          static void imu660ra_read_registers(uint8 reg, uint8 *dat, uint32 len)
  451          {
  452   1          IMU660RA_CS(0);
  453   1          imu660ra_simspi_r_reg_bytes(reg | IMU660RA_SPI_R, dat, len);
  454   1              IMU660RA_CS(1);
  455   1      }
  456          #endif
  457          
  458          //-------------------------------------------------------------------------------------------------------
             -------------
  459          // å‡½æ•°ç®€ä»‹     IMU660RA è‡ªæ£€
  460          // å‚æ•°è¯´æ˜     void
  461          // è¿”å›å‚æ•°     uint8           1-è‡ªæ£€å¤±è´¥ 0-è‡ªæ£€æˆåŠŸ
  462          // ä½¿ç”¨ç¤ºä¾‹     imu660ra_self_check();
  463          // å¤‡æ³¨ä¿¡æ¯     å†…éƒ¨è°ƒç”¨
  464          //-------------------------------------------------------------------------------------------------------
             -------------
  465          static uint8 imu660ra_self_check (void)
  466          {
  467   1          uint8 dat = 0, return_state = 0;
  468   1          uint16 timeout_count = 0;
  469   1          do
  470   1          {
  471   2              if(timeout_count ++ > IMU660RA_TIMEOUT_COUNT)
  472   2              {
  473   3                  return_state =  1;
  474   3                  break;
  475   3              }
  476   2              dat = imu660ra_read_register(IMU660RA_CHIP_ID);
  477   2              delay_ms(1);
  478   2          }while(0x24 != dat);                                                        // è¯»å–è®¾å¤‡IDæ˜¯å¦ç­
             -‰äº0X24ï¼Œå¦‚æœä¸æ˜¯0X24åˆ™è®¤ä¸ºæ²¡æ£€æµ‹åˆ°è®¾å¤‡
C251 COMPILER V5.60.0,  SEEKFREE_IMU660RA                                                  15/07/23  15:59:08  PAGE 9   

  479   1          return return_state;
  480   1      }
  481          
  482          //-------------------------------------------------------------------------------------------------------
             -------------
  483          // å‡½æ•°ç®€ä»‹     è·å– IMU660RA åŠ é€Ÿåº¦è®¡æ•°æ®
  484          // å‚æ•°è¯´æ˜     void
  485          // è¿”å›å‚æ•°     void
  486          // ä½¿ç”¨ç¤ºä¾‹     imu660ra_get_acc();                                             // æ‰§è¡Œè¯¥å‡½æ•°å
             -ï¼Œç›´æ¥æŸ¥çœ‹å¯¹åº”çš„å˜é‡å³å¯
  487          // å¤‡æ³¨ä¿¡æ¯     ä½¿ç”¨ SPI çš„é‡‡é›†æ—¶é—´ä¸º69us
  488          //             ä½¿ç”¨ IIC çš„é‡‡é›†æ—¶é—´ä¸º126us        é‡‡é›†åŠ é€Ÿåº¦è®¡çš„æ—¶é—´ä¸é‡‡é›†é™€èºä»ªçš„
             -æ—¶é—´ä¸€è‡´çš„åŸå› æ˜¯éƒ½åªæ˜¯è¯»å–å¯„å­˜å™¨æ•°æ®
  489          //-------------------------------------------------------------------------------------------------------
             -------------
  490          void imu660ra_get_acc (void)
  491          {
  492   1      #if IMU660RA_USE_SOFT_IIC
                       uint8 dat[6];
                   imu660ra_read_registers(IMU660RA_ACC_ADDRESS, dat, 6);
                   imu660ra_acc_x = (int16)(((uint16)dat[1]<<8 | dat[0]));
                   imu660ra_acc_y = (int16)(((uint16)dat[3]<<8 | dat[2]));
                   imu660ra_acc_z = (int16)(((uint16)dat[5]<<8 | dat[4]));
               #else
  499   1              // SPIè¯»å–ç¬¬ä¸€ä¸ªåœ°å€ä¸ºç©º
  500   1              uint8 dat[7];
  501   1              imu660ra_read_registers(IMU660RA_ACC_ADDRESS, dat, 7);
  502   1          imu660ra_acc_x = (int16)(((uint16)dat[2]<<8 | dat[1]));
  503   1          imu660ra_acc_y = (int16)(((uint16)dat[4]<<8 | dat[3]));
  504   1          imu660ra_acc_z = (int16)(((uint16)dat[6]<<8 | dat[5]));
  505   1      #endif
  506   1      }
  507          //-------------------------------------------------------------------------------------------------------
             -------------
  508          // å‡½æ•°ç®€ä»‹     è·å– IMU660RA é™€èºä»ªæ•°æ®
  509          // å‚æ•°è¯´æ˜     void
  510          // è¿”å›å‚æ•°     void
  511          // ä½¿ç”¨ç¤ºä¾‹     imu660ra_get_gyro();                                            // æ‰§è¡Œè¯¥å‡½æ•°å
             -ï¼Œç›´æ¥æŸ¥çœ‹å¯¹åº”çš„å˜é‡å³å¯
  512          // å¤‡æ³¨ä¿¡æ¯     ä½¿ç”¨ SPI çš„é‡‡é›†æ—¶é—´ä¸º69us
  513          //             ä½¿ç”¨ IIC çš„é‡‡é›†æ—¶é—´ä¸º126us
  514          //-------------------------------------------------------------------------------------------------------
             -------------
  515          void imu660ra_get_gyro (void)
  516          {
  517   1      #if IMU660RA_USE_SOFT_IIC
                   uint8 dat[6];
                   imu660ra_read_registers(IMU660RA_GYRO_ADDRESS, dat, 6);
                   imu660ra_gyro_x = (int16)(((uint16)dat[1]<<8 | dat[0]));
                   imu660ra_gyro_y = (int16)(((uint16)dat[3]<<8 | dat[2]));
                   imu660ra_gyro_z = (int16)(((uint16)dat[5]<<8 | dat[4]));
               #else
  524   1              // SPIè¯»å–ç¬¬ä¸€ä¸ªåœ°å€ä¸ºç©º
  525   1              uint8 dat[7];
  526   1              imu660ra_read_registers(IMU660RA_GYRO_ADDRESS, dat, 7);
  527   1          imu660ra_gyro_x = (int16)(((uint16)dat[2]<<8 | dat[1]));
  528   1          imu660ra_gyro_y = (int16)(((uint16)dat[4]<<8 | dat[3]));
  529   1          imu660ra_gyro_z = (int16)(((uint16)dat[6]<<8 | dat[5]));
  530   1      #endif
  531   1      }
  532          
  533          //-------------------------------------------------------------------------------------------------------
             -------------
  534          // å‡½æ•°ç®€ä»‹     å°† IMU660RA åŠ é€Ÿåº¦è®¡æ•°æ®è½¬æ¢ä¸ºå®é™…ç‰©ç†æ•°æ®
  535          // å‚æ•°è¯´æ˜     gyro_value      ä»»æ„è½´çš„åŠ é€Ÿåº¦è®¡æ•°æ®
  536          // è¿”å›å‚æ•°     void
C251 COMPILER V5.60.0,  SEEKFREE_IMU660RA                                                  15/07/23  15:59:08  PAGE 10  

  537          // ä½¿ç”¨ç¤ºä¾‹     float dat = imu660ra_acc_transition(imu660ra_acc_x);           // å•ä½ä¸º g(m/s^2)
  538          // å¤‡æ³¨ä¿¡æ¯
  539          //-------------------------------------------------------------------------------------------------------
             -------------
  540          float imu660ra_acc_transition (int16 acc_value)
  541          {
  542   1          float acc_dat = 0;
  543   1          switch((uint8)IMU660RA_ACC_SAMPLE)
  544   1          {
  545   2              case 0x00: acc_dat = (float)acc_value / 16384; break;                  // 0x00 åŠ é€Ÿåº¦è®¡é‡ç¨‹
             -ä¸º:Â±2g     è·å–åˆ°çš„åŠ é€Ÿåº¦è®¡æ•°æ® é™¤ä»¥ 16384     å¯ä»¥è½¬åŒ–ä¸ºå¸¦ç‰©ç†å•ä½çš„æ•°æ® å•ä½ï¼šg(m/s^2)
  546   2              case 0x01: acc_dat = (float)acc_value / 8192; break;                   // 0x01 åŠ é€Ÿåº¦è®¡é‡ç¨‹
             -ä¸º:Â±4g     è·å–åˆ°çš„åŠ é€Ÿåº¦è®¡æ•°æ® é™¤ä»¥ 8192      å¯ä»¥è½¬åŒ–ä¸ºå¸¦ç‰©ç†å•ä½çš„æ•°æ® å•ä½ï¼šg(m/s^2)
  547   2              case 0x02: acc_dat = (float)acc_value / 4096; break;                   // 0x02 åŠ é€Ÿåº¦è®¡é‡ç¨‹
             -ä¸º:Â±8g     è·å–åˆ°çš„åŠ é€Ÿåº¦è®¡æ•°æ® é™¤ä»¥ 4096      å¯ä»¥è½¬åŒ–ä¸ºå¸¦ç‰©ç†å•ä½çš„æ•°æ® å•ä½ï¼šg(m/s^2)
  548   2              case 0x03: acc_dat = (float)acc_value / 2048; break;                   // 0x03 åŠ é€Ÿåº¦è®¡é‡ç¨‹
             -ä¸º:Â±16g    è·å–åˆ°çš„åŠ é€Ÿåº¦è®¡æ•°æ® é™¤ä»¥ 2048      å¯ä»¥è½¬åŒ–ä¸ºå¸¦ç‰©ç†å•ä½çš„æ•°æ® å•ä½ï¼šg(m/s^2)
  549   2              default: break;
  550   2          }
  551   1          return acc_dat;
  552   1      }
  553          
  554          //-------------------------------------------------------------------------------------------------------
             -------------
  555          // å‡½æ•°ç®€ä»‹     å°† IMU660RA é™€èºä»ªæ•°æ®è½¬æ¢ä¸ºå®é™…ç‰©ç†æ•°æ®
  556          // å‚æ•°è¯´æ˜     gyro_value      ä»»æ„è½´çš„é™€èºä»ªæ•°æ®
  557          // è¿”å›å‚æ•°     void
  558          // ä½¿ç”¨ç¤ºä¾‹     float dat = imu660ra_gyro_transition(imu660ra_gyro_x);         // å•ä½ä¸ºÂ°/s
  559          // å¤‡æ³¨ä¿¡æ¯
  560          //-------------------------------------------------------------------------------------------------------
             -------------
  561          float imu660ra_gyro_transition (int16 gyro_value)
  562          {
  563   1          float gyro_dat = 0;
  564   1          switch(IMU660RA_GYR_SAMPLE)
  565   1          {
  566   2              case 0x00: gyro_dat = (float)gyro_value / 16.4f;  break;               //  0x00 é™€èºä»ªé‡ç¨‹ä¸
             -º:Â±2000dps    è·å–åˆ°çš„é™€èºä»ªæ•°æ®é™¤ä»¥ 16.4    å¯ä»¥è½¬åŒ–ä¸ºå¸¦ç‰©ç†å•ä½çš„æ•°æ® å•ä½ä¸ºï¼šÂ°/s
  567   2              case 0x01: gyro_dat = (float)gyro_value / 32.8f;  break;               //  0x01 é™€èºä»ªé‡ç¨‹ä¸
             -º:Â±1000dps    è·å–åˆ°çš„é™€èºä»ªæ•°æ®é™¤ä»¥ 32.8    å¯ä»¥è½¬åŒ–ä¸ºå¸¦ç‰©ç†å•ä½çš„æ•°æ® å•ä½ä¸ºï¼šÂ°/s
  568   2              case 0x02: gyro_dat = (float)gyro_value / 65.6f;  break;               //  0x02 é™€èºä»ªé‡ç¨‹ä¸
             -º:Â±500 dps    è·å–åˆ°çš„é™€èºä»ªæ•°æ®é™¤ä»¥ 65.6    å¯ä»¥è½¬åŒ–ä¸ºå¸¦ç‰©ç†å•ä½çš„æ•°æ® å•ä½ä¸ºï¼šÂ°/s
  569   2              case 0x03: gyro_dat = (float)gyro_value / 131.2f; break;               //  0x03 é™€èºä»ªé‡ç¨‹ä¸
             -º:Â±250 dps    è·å–åˆ°çš„é™€èºä»ªæ•°æ®é™¤ä»¥ 131.2   å¯ä»¥è½¬åŒ–ä¸ºå¸¦ç‰©ç†å•ä½çš„æ•°æ® å•ä½ä¸ºï¼šÂ°/s
  570   2              case 0x04: gyro_dat = (float)gyro_value / 262.4f; break;               //  0x04 é™€èºä»ªé‡ç¨‹ä¸
             -º:Â±125 dps    è·å–åˆ°çš„é™€èºä»ªæ•°æ®é™¤ä»¥ 262.4   å¯ä»¥è½¬åŒ–ä¸ºå¸¦ç‰©ç†å•ä½çš„æ•°æ® å•ä½ä¸ºï¼šÂ°/s
  571   2              default: break;
  572   2          }
  573   1          return gyro_dat;
  574   1      }
  575          
  576          //-------------------------------------------------------------------------------------------------------
             -------------
  577          // å‡½æ•°ç®€ä»‹     åˆå§‹åŒ– IMU660RA
  578          // å‚æ•°è¯´æ˜     void
  579          // è¿”å›å‚æ•°     uint8           1-åˆå§‹åŒ–å¤±è´¥ 0-åˆå§‹åŒ–æˆåŠŸ
  580          // ä½¿ç”¨ç¤ºä¾‹     imu660ra_init();
  581          // å¤‡æ³¨ä¿¡æ¯
  582          //-------------------------------------------------------------------------------------------------------
             -------------
  583          uint8 imu660ra_init (void)
  584          {
  585   1          uint8 return_state = 0;
  586   1              
  587   1          delay_ms(20);                                                                       // ç­‰å¾…è®¾å¤‡ä¸Šç”µæˆåŠŸ
  588   1      
C251 COMPILER V5.60.0,  SEEKFREE_IMU660RA                                                  15/07/23  15:59:08  PAGE 11  

  589   1      #if IMU660RA_USE_SOFT_IIC 
               
               #else
  592   1              imu660ra_read_register(IMU660RA_CHIP_ID);                                   // è¯»å–ä¸€ä¸‹è®¾å¤‡ID å°†è
             -®¾å¤‡è®¾ç½®ä¸ºSPIæ¨¡å¼
  593   1      #endif
  594   1              
  595   1          do{
  596   2              if(imu660ra_self_check())                                               // IMU660RA è‡ªæ£€
  597   2              {
  598   3                  // å¦‚æœç¨‹åºåœ¨è¾“å‡ºäº†æ–­è¨€ä¿¡æ¯ å¹¶ä¸”æç¤ºå‡ºé”™ä½ç½®åœ¨è¿™é‡Œ
  599   3                  // é‚£ä¹ˆå°±æ˜¯ IMU660RA è‡ªæ£€å‡ºé”™å¹¶è¶…æ—¶é€€å‡ºäº†
  600   3                  // æ£€æŸ¥ä¸€ä¸‹æ¥çº¿æœ‰æ²¡æœ‰é—®é¢˜ å¦‚æœæ²¡é—®é¢˜å¯èƒ½å°±æ˜¯åäº†
  601   3                              while(1)
  602   3                              {
  603   4                                      printf("imu660ra self check error.\r\n");
  604   4                                      delay_ms(200);
  605   4                              };
  606   3                  return_state = 1;
  607   3                  //break;
  608   3              }
  609   2      
  610   2              imu660ra_write_register(IMU660RA_PWR_CONF, 0x00);                       // å…³é—­é«˜çº§çœç”µæ¨¡å
             -¼
  611   2              delay_ms(10);
  612   2              imu660ra_write_register(IMU660RA_INIT_CTRL, 0x00);                      // å¼€å§‹å¯¹æ¨¡å—è¿›è¡Œå
             -ˆå§‹åŒ–é…ç½®
  613   2              imu660ra_write_registers(IMU660RA_INIT_DATA, imu660ra_config_file, sizeof(imu660ra_config_file));
             -   // è¾“å‡ºé…ç½®æ–‡ä»¶
  614   2              imu660ra_write_register(IMU660RA_INIT_CTRL, 0x01);                      // åˆå§‹åŒ–é…ç½®ç»“æŸ
  615   2              delay_ms(20);
  616   2              if(imu660ra_read_register(IMU660RA_INT_STA) != 1)                       // æ£€æŸ¥æ˜¯å¦é…ç½®å®Œæ
             -ˆ
  617   2              {
  618   3                  // å¦‚æœç¨‹åºåœ¨è¾“å‡ºäº†æ–­è¨€ä¿¡æ¯ å¹¶ä¸”æç¤ºå‡ºé”™ä½ç½®åœ¨è¿™é‡Œ
  619   3                  // é‚£ä¹ˆå°±æ˜¯ IMU660RA é…ç½®åˆå§‹åŒ–æ–‡ä»¶å‡ºé”™äº†
  620   3                  // æ£€æŸ¥ä¸€ä¸‹æ¥çº¿æœ‰æ²¡æœ‰é—®é¢˜ å¦‚æœæ²¡é—®é¢˜å¯èƒ½å°±æ˜¯åäº†
  621   3      //                      while(1)
  622   3      //                      {
  623   3                                      printf("imu660ra init error.\r\n");
  624   3      //                              delay_ms(200);
  625   3      //                      }
  626   3                  return_state = 1;
  627   3                  //break;
  628   3              }
  629   2              imu660ra_write_register(IMU660RA_PWR_CTRL, 0x0E);                       // å¼€å¯æ€§èƒ½æ¨¡å¼  ä½
             -¿èƒ½é™€èºä»ªã€åŠ é€Ÿåº¦ã€æ¸©åº¦ä¼ æ„Ÿå™¨
  630   2              imu660ra_write_register(IMU660RA_ACC_CONF, 0xA7);                       // åŠ é€Ÿåº¦é‡‡é›†é…ç½® 
             -æ€§èƒ½æ¨¡å¼ æ­£å¸¸é‡‡é›† 50Hz  é‡‡æ ·é¢‘ç‡
  631   2              imu660ra_write_register(IMU660RA_GYR_CONF, 0xA9);                       // é™€èºä»ªé‡‡é›†é…ç½® 
             -æ€§èƒ½æ¨¡å¼ æ­£å¸¸é‡‡é›† 200Hz é‡‡æ ·é¢‘ç‡
  632   2                      
  633   2              imu660ra_write_register(IMU660RA_ACC_RANGE, IMU660RA_ACC_SAMPLE);       // åŠ é€Ÿåº¦é‡ç¨‹é…ç½® 
             -é…ç½®é‡ç¨‹ä¸º:Â±8g
  634   2                      // IMU660RA_ACC_SAMPLE å¯„å­˜å™¨
  635   2              // è®¾ç½®ä¸º:0x00 é™€èºä»ªé‡ç¨‹ä¸º:Â±2000dps     è·å–åˆ°çš„é™€èºä»ªæ•°æ® é™¤ä»¥ 16.4       
             -å¯ä»¥è½¬åŒ–ä¸ºå¸¦ç‰©ç†å•ä½çš„æ•°æ® å•ä½ä¸ºï¼šÂ°/s
  636   2              // è®¾ç½®ä¸º:0x01 é™€èºä»ªé‡ç¨‹ä¸º:Â±1000dps     è·å–åˆ°çš„é™€èºä»ªæ•°æ® é™¤ä»¥ 32.8       
             -å¯ä»¥è½¬åŒ–ä¸ºå¸¦ç‰©ç†å•ä½çš„æ•°æ® å•ä½ä¸ºï¼šÂ°/s
  637   2              // è®¾ç½®ä¸º:0x02 é™€èºä»ªé‡ç¨‹ä¸º:Â±500 dps     è·å–åˆ°çš„é™€èºä»ªæ•°æ® é™¤ä»¥ 65.6       
             -å¯ä»¥è½¬åŒ–ä¸ºå¸¦ç‰©ç†å•ä½çš„æ•°æ® å•ä½ä¸ºï¼šÂ°/s
  638   2              // è®¾ç½®ä¸º:0x03 é™€èºä»ªé‡ç¨‹ä¸º:Â±250 dps     è·å–åˆ°çš„é™€èºä»ªæ•°æ® é™¤ä»¥ 131.2      
             -å¯ä»¥è½¬åŒ–ä¸ºå¸¦ç‰©ç†å•ä½çš„æ•°æ® å•ä½ä¸ºï¼šÂ°/s
  639   2              // è®¾ç½®ä¸º:0x04 é™€èºä»ªé‡ç¨‹ä¸º:Â±125 dps     è·å–åˆ°çš„é™€èºä»ªæ•°æ® é™¤ä»¥ 262.4      
             -å¯ä»¥è½¬åŒ–ä¸ºå¸¦ç‰©ç†å•ä½çš„æ•°æ® å•ä½ä¸ºï¼šÂ°/s
  640   2                      
C251 COMPILER V5.60.0,  SEEKFREE_IMU660RA                                                  15/07/23  15:59:08  PAGE 12  

  641   2              imu660ra_write_register(IMU660RA_GYR_RANGE, IMU660RA_GYR_SAMPLE);       // é™€èºä»ªé‡ç¨‹é…ç½® 
             -é…ç½®é‡ç¨‹ä¸º:Â±2000dps
  642   2              // IMU660RA_GYR_RANGE å¯„å­˜å™¨
  643   2              // è®¾ç½®ä¸º:0x00 åŠ é€Ÿåº¦è®¡é‡ç¨‹ä¸º:Â±2g         è·å–åˆ°çš„åŠ é€Ÿåº¦è®¡æ•°æ® é™¤ä»¥ 16384 
             -  å¯ä»¥è½¬åŒ–ä¸ºå¸¦ç‰©ç†å•ä½çš„æ•°æ® å•ä½ï¼šg(m/s^2)
  644   2              // è®¾ç½®ä¸º:0x01 åŠ é€Ÿåº¦è®¡é‡ç¨‹ä¸º:Â±4g         è·å–åˆ°çš„åŠ é€Ÿåº¦è®¡æ•°æ® é™¤ä»¥ 8192  
             -  å¯ä»¥è½¬åŒ–ä¸ºå¸¦ç‰©ç†å•ä½çš„æ•°æ® å•ä½ï¼šg(m/s^2)
  645   2              // è®¾ç½®ä¸º:0x02 åŠ é€Ÿåº¦è®¡é‡ç¨‹ä¸º:Â±8g         è·å–åˆ°çš„åŠ é€Ÿåº¦è®¡æ•°æ® é™¤ä»¥ 4096  
             -  å¯ä»¥è½¬åŒ–ä¸ºå¸¦ç‰©ç†å•ä½çš„æ•°æ® å•ä½ï¼šg(m/s^2)
  646   2              // è®¾ç½®ä¸º:0x03 åŠ é€Ÿåº¦è®¡é‡ç¨‹ä¸º:Â±16g        è·å–åˆ°çš„åŠ é€Ÿåº¦è®¡æ•°æ® é™¤ä»¥ 2048  
             -  å¯ä»¥è½¬åŒ–ä¸ºå¸¦ç‰©ç†å•ä½çš„æ•°æ® å•ä½ï¼šg(m/s^2)
  647   2          
  648   2              }while(0);
  649   1          return return_state;
  650   1      }
  651          


Module Information          Static   Overlayable
------------------------------------------------
  code size            =      1086     ------
  ecode size           =    ------     ------
  data size            =    ------     ------
  idata size           =    ------     ------
  pdata size           =    ------     ------
  xdata size           =    ------     ------
  xdata-const size     =    ------     ------
  edata size           =        88     ------
  bit size             =    ------     ------
  ebit size            =    ------     ------
  bitaddressable size  =    ------     ------
  ebitaddressable size =    ------     ------
  far data size        =    ------     ------
  huge data size       =    ------     ------
  const size           =    ------     ------
  hconst size          =        88     ------
End of Module Information.


C251 COMPILATION COMPLETE.  0 WARNING(S),  0 ERROR(S)
